[0.013s] Invoking command in '/home/jihyun/LIMO_simulation/build/limo_gazebosim': CMAKE_PREFIX_PATH=/home/jihyun/LIMO_simulation/install/limo_car:/home/jihyun/LIMO_simulation/install/limo_base:/home/jihyun/LIMO_simulation/install/limo_msgs:/home/jihyun/LIMO_simulation/install/limo_gazebosim:/home/jihyun/LIMO_simulation/install/limo_description:/home/jihyun/parking_ws/install/limo_base:/home/jihyun/parking_ws/install/limo_msgs:/home/jihyun/parking_ws/install/limo_description:/home/jihyun/parking_ws/install/limo_car:/opt/openrobots:/home/jihyun/pico_ws/install/picoxr:/home/jihyun/pico_ws/install/gripper_control:/home/jihyun/pico_ws/install/xr_msgs:/opt/openrobots:/home/jihyun/LIMO_simulation/install/my_valet_parking:/opt/ros/humble /usr/bin/cmake /home/jihyun/LIMO_simulation/src/limo_gazebosim -DAMENT_CMAKE_SYMLINK_INSTALL=1 -DCMAKE_INSTALL_PREFIX=/home/jihyun/LIMO_simulation/install/limo_gazebosim
[0.052s] -- The C compiler identification is GNU 11.4.0
[0.089s] -- The CXX compiler identification is GNU 11.4.0
[0.094s] -- Detecting C compiler ABI info
[0.150s] -- Detecting C compiler ABI info - done
[0.154s] -- Check for working C compiler: /usr/bin/cc - skipped
[0.154s] -- Detecting C compile features
[0.154s] -- Detecting C compile features - done
[0.156s] -- Detecting CXX compiler ABI info
[0.222s] -- Detecting CXX compiler ABI info - done
[0.230s] -- Check for working CXX compiler: /usr/bin/c++ - skipped
[0.230s] -- Detecting CXX compile features
[0.230s] -- Detecting CXX compile features - done
[0.232s] -- Found ament_cmake: 1.3.12 (/opt/ros/humble/share/ament_cmake/cmake)
[0.325s] -- Found Python3: /usr/bin/python3 (found version "3.10.12") found components: Interpreter 
[0.366s] -- Override CMake install command with custom implementation using symlinks instead of copying resources
[0.452s] -- Configuring done
[0.453s] -- Generating done
[0.454s] -- Build files have been written to: /home/jihyun/LIMO_simulation/build/limo_gazebosim
[0.456s] Invoked command in '/home/jihyun/LIMO_simulation/build/limo_gazebosim' returned '0': CMAKE_PREFIX_PATH=/home/jihyun/LIMO_simulation/install/limo_car:/home/jihyun/LIMO_simulation/install/limo_base:/home/jihyun/LIMO_simulation/install/limo_msgs:/home/jihyun/LIMO_simulation/install/limo_gazebosim:/home/jihyun/LIMO_simulation/install/limo_description:/home/jihyun/parking_ws/install/limo_base:/home/jihyun/parking_ws/install/limo_msgs:/home/jihyun/parking_ws/install/limo_description:/home/jihyun/parking_ws/install/limo_car:/opt/openrobots:/home/jihyun/pico_ws/install/picoxr:/home/jihyun/pico_ws/install/gripper_control:/home/jihyun/pico_ws/install/xr_msgs:/opt/openrobots:/home/jihyun/LIMO_simulation/install/my_valet_parking:/opt/ros/humble /usr/bin/cmake /home/jihyun/LIMO_simulation/src/limo_gazebosim -DAMENT_CMAKE_SYMLINK_INSTALL=1 -DCMAKE_INSTALL_PREFIX=/home/jihyun/LIMO_simulation/install/limo_gazebosim
[0.457s] Invoking command in '/home/jihyun/LIMO_simulation/build/limo_gazebosim': CMAKE_PREFIX_PATH=/home/jihyun/LIMO_simulation/install/limo_car:/home/jihyun/LIMO_simulation/install/limo_base:/home/jihyun/LIMO_simulation/install/limo_msgs:/home/jihyun/LIMO_simulation/install/limo_gazebosim:/home/jihyun/LIMO_simulation/install/limo_description:/home/jihyun/parking_ws/install/limo_base:/home/jihyun/parking_ws/install/limo_msgs:/home/jihyun/parking_ws/install/limo_description:/home/jihyun/parking_ws/install/limo_car:/opt/openrobots:/home/jihyun/pico_ws/install/picoxr:/home/jihyun/pico_ws/install/gripper_control:/home/jihyun/pico_ws/install/xr_msgs:/opt/openrobots:/home/jihyun/LIMO_simulation/install/my_valet_parking:/opt/ros/humble /usr/bin/cmake --build /home/jihyun/LIMO_simulation/build/limo_gazebosim -- -j22 -l22
[0.487s] Invoked command in '/home/jihyun/LIMO_simulation/build/limo_gazebosim' returned '0': CMAKE_PREFIX_PATH=/home/jihyun/LIMO_simulation/install/limo_car:/home/jihyun/LIMO_simulation/install/limo_base:/home/jihyun/LIMO_simulation/install/limo_msgs:/home/jihyun/LIMO_simulation/install/limo_gazebosim:/home/jihyun/LIMO_simulation/install/limo_description:/home/jihyun/parking_ws/install/limo_base:/home/jihyun/parking_ws/install/limo_msgs:/home/jihyun/parking_ws/install/limo_description:/home/jihyun/parking_ws/install/limo_car:/opt/openrobots:/home/jihyun/pico_ws/install/picoxr:/home/jihyun/pico_ws/install/gripper_control:/home/jihyun/pico_ws/install/xr_msgs:/opt/openrobots:/home/jihyun/LIMO_simulation/install/my_valet_parking:/opt/ros/humble /usr/bin/cmake --build /home/jihyun/LIMO_simulation/build/limo_gazebosim -- -j22 -l22
[0.489s] Invoking command in '/home/jihyun/LIMO_simulation/build/limo_gazebosim': CMAKE_PREFIX_PATH=/home/jihyun/LIMO_simulation/install/limo_car:/home/jihyun/LIMO_simulation/install/limo_base:/home/jihyun/LIMO_simulation/install/limo_msgs:/home/jihyun/LIMO_simulation/install/limo_gazebosim:/home/jihyun/LIMO_simulation/install/limo_description:/home/jihyun/parking_ws/install/limo_base:/home/jihyun/parking_ws/install/limo_msgs:/home/jihyun/parking_ws/install/limo_description:/home/jihyun/parking_ws/install/limo_car:/opt/openrobots:/home/jihyun/pico_ws/install/picoxr:/home/jihyun/pico_ws/install/gripper_control:/home/jihyun/pico_ws/install/xr_msgs:/opt/openrobots:/home/jihyun/LIMO_simulation/install/my_valet_parking:/opt/ros/humble /usr/bin/cmake --install /home/jihyun/LIMO_simulation/build/limo_gazebosim
[0.494s] -- Install configuration: ""
[0.494s] -- Execute custom install script
[0.494s] -- Symlinking: /home/jihyun/LIMO_simulation/install/limo_gazebosim/share/limo_gazebosim/launch/__pycache__/limo_ackermann_rviz.launch.cpython-310.pyc
[0.501s] -- Symlinking: /home/jihyun/LIMO_simulation/install/limo_gazebosim/share/limo_gazebosim/launch/limo_ackermann_rviz.launch.py
[0.511s] -- Symlinking: /home/jihyun/LIMO_simulation/install/limo_gazebosim/share/limo_gazebosim/worlds/parking_lot.world
[0.520s] -- Symlinking: /home/jihyun/LIMO_simulation/install/limo_gazebosim/share/limo_gazebosim/worlds/parking_lot_scaled_vehicles.world
[0.529s] -- Symlinking: /home/jihyun/LIMO_simulation/install/limo_gazebosim/share/limo_gazebosim/scripts/__pycache__/scale_vehicle_models.cpython-310.pyc
[0.538s] -- Symlinking: /home/jihyun/LIMO_simulation/install/limo_gazebosim/share/limo_gazebosim/scripts/__pycache__/setup_scaled_vehicle_models.cpython-310.pyc
[0.546s] -- Symlinking: /home/jihyun/LIMO_simulation/install/limo_gazebosim/share/limo_gazebosim/scripts/download_parking_garage_model.sh
[0.554s] -- Symlinking: /home/jihyun/LIMO_simulation/install/limo_gazebosim/share/limo_gazebosim/scripts/scale_vehicle_models.py
[0.561s] -- Symlinking: /home/jihyun/LIMO_simulation/install/limo_gazebosim/share/limo_gazebosim/scripts/setup_scaled_vehicle_models.py
[0.568s] -- Symlinking: /home/jihyun/LIMO_simulation/install/limo_gazebosim/share/limo_gazebosim/scripts/start_parking_limo_master.sh
[0.576s] -- Symlinking: /home/jihyun/LIMO_simulation/install/limo_gazebosim/share/limo_gazebosim/models/.gitkeep
[0.584s] -- Symlinking: /home/jihyun/LIMO_simulation/install/limo_gazebosim/share/limo_gazebosim/models/passenger_car/materials/textures/hatchback.png
[0.591s] -- Symlinking: /home/jihyun/LIMO_simulation/install/limo_gazebosim/share/limo_gazebosim/models/passenger_car/meshes/hatchback.mtl
[0.604s] -- Symlinking: /home/jihyun/LIMO_simulation/install/limo_gazebosim/share/limo_gazebosim/models/passenger_car/meshes/hatchback.obj
[0.617s] -- Symlinking: /home/jihyun/LIMO_simulation/install/limo_gazebosim/share/limo_gazebosim/models/passenger_car/model.config
[0.628s] -- Symlinking: /home/jihyun/LIMO_simulation/install/limo_gazebosim/share/limo_gazebosim/models/passenger_car/model.sdf
[0.645s] -- Symlinking: /home/jihyun/LIMO_simulation/install/limo_gazebosim/share/limo_gazebosim/models/prius_hybrid/materials/textures/Hybrid.png
[0.654s] -- Symlinking: /home/jihyun/LIMO_simulation/install/limo_gazebosim/share/limo_gazebosim/models/prius_hybrid/materials/textures/Hybrid_Interior.png
[0.659s] -- Symlinking: /home/jihyun/LIMO_simulation/install/limo_gazebosim/share/limo_gazebosim/models/prius_hybrid/materials/textures/Wheels3.png
[0.668s] -- Symlinking: /home/jihyun/LIMO_simulation/install/limo_gazebosim/share/limo_gazebosim/models/prius_hybrid/meshes/Hybrid.mtl
[0.674s] -- Symlinking: /home/jihyun/LIMO_simulation/install/limo_gazebosim/share/limo_gazebosim/models/prius_hybrid/meshes/Hybrid.obj
[0.683s] -- Symlinking: /home/jihyun/LIMO_simulation/install/limo_gazebosim/share/limo_gazebosim/models/prius_hybrid/model.config
[0.691s] -- Symlinking: /home/jihyun/LIMO_simulation/install/limo_gazebosim/share/limo_gazebosim/models/prius_hybrid/model.sdf
[0.701s] -- Symlinking: /home/jihyun/LIMO_simulation/install/limo_gazebosim/share/limo_gazebosim/models/scaled_passenger_car/materials/textures/hatchback.png
[0.710s] -- Symlinking: /home/jihyun/LIMO_simulation/install/limo_gazebosim/share/limo_gazebosim/models/scaled_passenger_car/meshes/hatchback.mtl
[0.718s] -- Symlinking: /home/jihyun/LIMO_simulation/install/limo_gazebosim/share/limo_gazebosim/models/scaled_passenger_car/meshes/hatchback.obj
[0.728s] -- Symlinking: /home/jihyun/LIMO_simulation/install/limo_gazebosim/share/limo_gazebosim/models/scaled_passenger_car/model.config
[0.735s] -- Symlinking: /home/jihyun/LIMO_simulation/install/limo_gazebosim/share/limo_gazebosim/models/scaled_passenger_car/model.sdf
[0.743s] -- Symlinking: /home/jihyun/LIMO_simulation/install/limo_gazebosim/share/limo_gazebosim/models/scaled_prius_hybrid/materials/textures/Hybrid.png
[0.751s] -- Symlinking: /home/jihyun/LIMO_simulation/install/limo_gazebosim/share/limo_gazebosim/models/scaled_prius_hybrid/materials/textures/Hybrid_Interior.png
[0.760s] -- Symlinking: /home/jihyun/LIMO_simulation/install/limo_gazebosim/share/limo_gazebosim/models/scaled_prius_hybrid/materials/textures/Wheels3.png
[0.771s] -- Symlinking: /home/jihyun/LIMO_simulation/install/limo_gazebosim/share/limo_gazebosim/models/scaled_prius_hybrid/meshes/Hybrid.mtl
[0.781s] -- Symlinking: /home/jihyun/LIMO_simulation/install/limo_gazebosim/share/limo_gazebosim/models/scaled_prius_hybrid/meshes/Hybrid.obj
[0.788s] -- Symlinking: /home/jihyun/LIMO_simulation/install/limo_gazebosim/share/limo_gazebosim/models/scaled_prius_hybrid/model.config
[0.796s] -- Symlinking: /home/jihyun/LIMO_simulation/install/limo_gazebosim/share/limo_gazebosim/models/scaled_prius_hybrid/model.sdf
[0.806s] -- Symlinking: /home/jihyun/LIMO_simulation/install/limo_gazebosim/share/limo_gazebosim/models/scaled_suv/materials/textures/suv.png
[0.815s] -- Symlinking: /home/jihyun/LIMO_simulation/install/limo_gazebosim/share/limo_gazebosim/models/scaled_suv/materials/textures/wheels_01.png
[0.825s] -- Symlinking: /home/jihyun/LIMO_simulation/install/limo_gazebosim/share/limo_gazebosim/models/scaled_suv/meshes/suv.mtl
[0.834s] -- Symlinking: /home/jihyun/LIMO_simulation/install/limo_gazebosim/share/limo_gazebosim/models/scaled_suv/meshes/suv.obj
[0.844s] -- Symlinking: /home/jihyun/LIMO_simulation/install/limo_gazebosim/share/limo_gazebosim/models/scaled_suv/model.config
[0.853s] -- Symlinking: /home/jihyun/LIMO_simulation/install/limo_gazebosim/share/limo_gazebosim/models/scaled_suv/model.sdf
[0.864s] -- Symlinking: /home/jihyun/LIMO_simulation/install/limo_gazebosim/share/limo_gazebosim/models/suv/materials/textures/suv.png
[0.872s] -- Symlinking: /home/jihyun/LIMO_simulation/install/limo_gazebosim/share/limo_gazebosim/models/suv/materials/textures/wheels_01.png
[0.879s] -- Symlinking: /home/jihyun/LIMO_simulation/install/limo_gazebosim/share/limo_gazebosim/models/suv/meshes/suv.mtl
[0.890s] -- Symlinking: /home/jihyun/LIMO_simulation/install/limo_gazebosim/share/limo_gazebosim/models/suv/meshes/suv.obj
[0.900s] -- Symlinking: /home/jihyun/LIMO_simulation/install/limo_gazebosim/share/limo_gazebosim/models/suv/model.config
[0.905s] -- Symlinking: /home/jihyun/LIMO_simulation/install/limo_gazebosim/share/limo_gazebosim/models/suv/model.sdf
[0.914s] -- Symlinking: /home/jihyun/LIMO_simulation/install/limo_gazebosim/share/ament_index/resource_index/package_run_dependencies/limo_gazebosim
[0.923s] -- Symlinking: /home/jihyun/LIMO_simulation/install/limo_gazebosim/share/ament_index/resource_index/parent_prefix_path/limo_gazebosim
[0.932s] -- Symlinking: /home/jihyun/LIMO_simulation/install/limo_gazebosim/share/limo_gazebosim/environment/ament_prefix_path.sh
[0.938s] -- Symlinking: /home/jihyun/LIMO_simulation/install/limo_gazebosim/share/limo_gazebosim/environment/ament_prefix_path.dsv
[0.944s] -- Symlinking: /home/jihyun/LIMO_simulation/install/limo_gazebosim/share/limo_gazebosim/environment/path.sh
[0.950s] -- Symlinking: /home/jihyun/LIMO_simulation/install/limo_gazebosim/share/limo_gazebosim/environment/path.dsv
[0.957s] -- Symlinking: /home/jihyun/LIMO_simulation/install/limo_gazebosim/share/limo_gazebosim/local_setup.bash
[0.966s] -- Symlinking: /home/jihyun/LIMO_simulation/install/limo_gazebosim/share/limo_gazebosim/local_setup.sh
[0.972s] -- Symlinking: /home/jihyun/LIMO_simulation/install/limo_gazebosim/share/limo_gazebosim/local_setup.zsh
[0.980s] -- Symlinking: /home/jihyun/LIMO_simulation/install/limo_gazebosim/share/limo_gazebosim/local_setup.dsv
[0.989s] -- Symlinking: /home/jihyun/LIMO_simulation/install/limo_gazebosim/share/limo_gazebosim/package.dsv
[0.999s] -- Symlinking: /home/jihyun/LIMO_simulation/install/limo_gazebosim/share/ament_index/resource_index/packages/limo_gazebosim
[1.005s] -- Symlinking: /home/jihyun/LIMO_simulation/install/limo_gazebosim/share/limo_gazebosim/cmake/limo_gazebosimConfig.cmake
[1.011s] -- Symlinking: /home/jihyun/LIMO_simulation/install/limo_gazebosim/share/limo_gazebosim/cmake/limo_gazebosimConfig-version.cmake
[1.020s] -- Symlinking: /home/jihyun/LIMO_simulation/install/limo_gazebosim/share/limo_gazebosim/package.xml
[1.030s] Invoked command in '/home/jihyun/LIMO_simulation/build/limo_gazebosim' returned '0': CMAKE_PREFIX_PATH=/home/jihyun/LIMO_simulation/install/limo_car:/home/jihyun/LIMO_simulation/install/limo_base:/home/jihyun/LIMO_simulation/install/limo_msgs:/home/jihyun/LIMO_simulation/install/limo_gazebosim:/home/jihyun/LIMO_simulation/install/limo_description:/home/jihyun/parking_ws/install/limo_base:/home/jihyun/parking_ws/install/limo_msgs:/home/jihyun/parking_ws/install/limo_description:/home/jihyun/parking_ws/install/limo_car:/opt/openrobots:/home/jihyun/pico_ws/install/picoxr:/home/jihyun/pico_ws/install/gripper_control:/home/jihyun/pico_ws/install/xr_msgs:/opt/openrobots:/home/jihyun/LIMO_simulation/install/my_valet_parking:/opt/ros/humble /usr/bin/cmake --install /home/jihyun/LIMO_simulation/build/limo_gazebosim
