[INFO] [launch]: All log files can be found below /home/jihyun/.ros/log/2026-05-06-14-46-19-020090-jihyun-960XGK-14707
[INFO] [launch]: Default logging verbosity is set to INFO
[INFO] [gzserver-1]: process started with pid [14727]
[gzserver-1] Gazebo multi-robot simulator, version 11.10.2
[gzserver-1] Copyright (C) 2012 Open Source Robotics Foundation.
[gzserver-1] Released under the Apache 2 License.
[gzserver-1] http://gazebosim.org
[gzserver-1] 
[gzserver-1] [1;33m[Wrn] [gazebo_ros_init.cpp:178] [0m[1;33m
[gzserver-1] #     # ####### ####### ###  #####  #######
[gzserver-1] ##    # #     #    #     #  #     # #
[gzserver-1] # #   # #     #    #     #  #       #
[gzserver-1] #  #  # #     #    #     #  #       #####
[gzserver-1] #   # # #     #    #     #  #       #
[gzserver-1] #    ## #     #    #     #  #     # #
[gzserver-1] #     # #######    #    ###  #####  #######
[gzserver-1] 
[gzserver-1] This version of Gazebo, now called Gazebo classic, reaches end-of-life
[gzserver-1] in January 2025. Users are highly encouraged to migrate to the new Gazebo
[gzserver-1] using our migration guides (https://gazebosim.org/docs/latest/gazebo_classic_migration?utm_source=gazebo_ros_pkgs&utm_medium=cli)
[gzserver-1] 
[gzserver-1] [0m[1;33m
[gzserver-1] [1;32m[Msg] [0m[1;32mWaiting for master.[0m[1;32m
[gzserver-1] [0m[1;32m[0m[1;32m[0m[1;32m[Msg] [0m[1;32mConnected to gazebo master @ [0m[1;32mhttp://127.0.0.1:11345[0m[1;32m
[gzserver-1] [0m[1;32m[0m[1;32m[0m[1;32m[Msg] [0m[1;32mPublicized address: [0m[1;32m10.101.154.24[0m[1;32m
[gzserver-1] [0m[1;33m[0m[1;33m[0m[1;31m[Err] [RTShaderSystem.cc:480] [0m[1;31mUnable to find shader lib. Shader generating will fail. [0m[1;31mYour GAZEBO_RESOURCE_PATH is probably improperly set. [0m[1;31mHave you sourced <prefix>/share/gazebo/setup.bash?
[gzserver-1] [0m[1;32m[0m[1;32m[0m[1;32m[Msg] [0m[1;32mLoading world file [[0m[1;32m/home/jihyun/LIMO_simulation/install/limo_gazebosim/share/limo_gazebosim/worlds/parking_lot_scaled_vehicles.world[0m[1;32m][0m[1;32m
[gzserver-1] [0m[1;33m[Wrn] [OBJLoader.cc:79] [0m[1;33mBoth `d` and `Tr` parameters defined for "Hatchback". Use the value of `d` for dissolve (line 8 in .mtl.)
[gzserver-1] Both `d` and `Tr` parameters defined for "Wheels3". Use the value of `d` for dissolve (line 22 in .mtl.)
[gzserver-1] [0m[1;33m
[gzserver-1] [0m[1;33m[0m[1;33m[0m[1;33m[Wrn] [OBJLoader.cc:79] [0m[1;33mBoth `d` and `Tr` parameters defined for "SUV_Body". Use the value of `d` for dissolve (line 8 in .mtl.)
[gzserver-1] Both `d` and `Tr` parameters defined for "SUV_Wheels". Use the value of `d` for dissolve (line 22 in .mtl.)
[gzserver-1] [0m[1;33m
[gzserver-1] [0m[1;33m[0m[1;33m[0m[1;31m[Err] [PhysicsEngine.cc:255] [0m[1;31mSetParam([0m[1;31mgravity[0m[1;31m) std::any_cast error: [0m[1;31mbad any_cast[0m[1;31m
[gzserver-1] [0m[1;31m[0m[1;31m[0m[1;33m[Wrn] [PresetManager.cc:82] [0m[1;33mCouldn't set parameter [[0m[1;33mgravity[0m[1;33m] in physics engine[0m[1;33m
[gzserver-1] [0m[1;33m[0m[1;33m[0m[1;31m[Err] [RenderEngine.cc:197] [0m[1;31mFailed to initialize scene
[gzserver-1] [0mgzserver: /usr/include/boost/smart_ptr/shared_ptr.hpp:728: typename boost::detail::sp_member_access<T>::type boost::shared_ptr<T>::operator->() const [with T = gazebo::rendering::Scene; typename boost::detail::sp_member_access<T>::type = gazebo::rendering::Scene*]: Assertion `px != 0' failed.
[ERROR] [gzserver-1]: process has died [pid 14727, exit code -6, cmd 'gzserver /home/jihyun/LIMO_simulation/install/limo_gazebosim/share/limo_gazebosim/worlds/parking_lot_scaled_vehicles.world --verbose -slibgazebo_ros_init.so -slibgazebo_ros_factory.so -slibgazebo_ros_force_system.so'].
[gzserver-1] [0m[1;32m[0m[1;32m[0m
