[0.070s] DEBUG:colcon:Command line arguments: ['/usr/bin/colcon', 'build', '--symlink-install', '--packages-select', 'remote_parking_manager']
[0.070s] DEBUG:colcon:Parsed command line arguments: Namespace(log_base=None, log_level=None, verb_name='build', build_base='build', install_base='install', merge_install=False, symlink_install=True, test_result_base=None, continue_on_error=False, executor='parallel', parallel_workers=22, event_handlers=None, ignore_user_meta=False, metas=['./colcon.meta'], base_paths=['.'], packages_ignore=None, packages_ignore_regex=None, paths=None, packages_up_to=None, packages_up_to_regex=None, packages_above=None, packages_above_and_dependencies=None, packages_above_depth=None, packages_select_by_dep=None, packages_skip_by_dep=None, packages_skip_up_to=None, packages_select_build_failed=False, packages_skip_build_finished=False, packages_select_test_failures=False, packages_skip_test_passed=False, packages_select=['remote_parking_manager'], packages_skip=None, packages_select_regex=None, packages_skip_regex=None, packages_start=None, packages_end=None, allow_overriding=[], cmake_args=None, cmake_target=None, cmake_target_skip_unavailable=False, cmake_clean_cache=False, cmake_clean_first=False, cmake_force_configure=False, ament_cmake_args=None, catkin_cmake_args=None, catkin_skip_building_tests=False, mixin_files=None, mixin=None, verb_parser=<colcon_mixin.mixin.mixin_argument.MixinArgumentDecorator object at 0x7bc88265cf40>, verb_extension=<colcon_core.verb.build.BuildVerb object at 0x7bc8827d6500>, main=<bound method BuildVerb.main of <colcon_core.verb.build.BuildVerb object at 0x7bc8827d6500>>, mixin_verb=('build',))
[0.173s] Level 1:colcon.colcon_core.package_discovery:discover_packages(colcon_meta) check parameters
[0.174s] Level 1:colcon.colcon_core.package_discovery:discover_packages(recursive) check parameters
[0.174s] Level 1:colcon.colcon_core.package_discovery:discover_packages(ignore) check parameters
[0.174s] Level 1:colcon.colcon_core.package_discovery:discover_packages(path) check parameters
[0.174s] Level 1:colcon.colcon_core.package_discovery:discover_packages(colcon_meta) discover
[0.174s] Level 1:colcon.colcon_core.package_discovery:discover_packages(recursive) discover
[0.174s] INFO:colcon.colcon_core.package_discovery:Crawling recursively for packages in '/home/jihyun/remote_parking_ws_1'
[0.174s] Level 1:colcon.colcon_core.package_identification:_identify(.) by extensions ['ignore', 'ignore_ament_install']
[0.174s] Level 1:colcon.colcon_core.package_identification:_identify(.) by extension 'ignore'
[0.174s] Level 1:colcon.colcon_core.package_identification:_identify(.) by extension 'ignore_ament_install'
[0.174s] Level 1:colcon.colcon_core.package_identification:_identify(.) by extensions ['colcon_pkg']
[0.174s] Level 1:colcon.colcon_core.package_identification:_identify(.) by extension 'colcon_pkg'
[0.174s] Level 1:colcon.colcon_core.package_identification:_identify(.) by extensions ['colcon_meta']
[0.174s] Level 1:colcon.colcon_core.package_identification:_identify(.) by extension 'colcon_meta'
[0.174s] Level 1:colcon.colcon_core.package_identification:_identify(.) by extensions ['ros']
[0.174s] Level 1:colcon.colcon_core.package_identification:_identify(.) by extension 'ros'
[0.196s] Level 1:colcon.colcon_core.package_identification:_identify(.) by extensions ['cmake', 'python']
[0.196s] Level 1:colcon.colcon_core.package_identification:_identify(.) by extension 'cmake'
[0.196s] Level 1:colcon.colcon_core.package_identification:_identify(.) by extension 'python'
[0.197s] Level 1:colcon.colcon_core.package_identification:_identify(.) by extensions ['python_setup_py']
[0.197s] Level 1:colcon.colcon_core.package_identification:_identify(.) by extension 'python_setup_py'
[0.197s] Level 1:colcon.colcon_core.package_identification:_identify(__pycache__) by extensions ['ignore', 'ignore_ament_install']
[0.197s] Level 1:colcon.colcon_core.package_identification:_identify(__pycache__) by extension 'ignore'
[0.197s] Level 1:colcon.colcon_core.package_identification:_identify(__pycache__) by extension 'ignore_ament_install'
[0.197s] Level 1:colcon.colcon_core.package_identification:_identify(__pycache__) by extensions ['colcon_pkg']
[0.197s] Level 1:colcon.colcon_core.package_identification:_identify(__pycache__) by extension 'colcon_pkg'
[0.197s] Level 1:colcon.colcon_core.package_identification:_identify(__pycache__) by extensions ['colcon_meta']
[0.197s] Level 1:colcon.colcon_core.package_identification:_identify(__pycache__) by extension 'colcon_meta'
[0.197s] Level 1:colcon.colcon_core.package_identification:_identify(__pycache__) by extensions ['ros']
[0.197s] Level 1:colcon.colcon_core.package_identification:_identify(__pycache__) by extension 'ros'
[0.197s] Level 1:colcon.colcon_core.package_identification:_identify(__pycache__) by extensions ['cmake', 'python']
[0.197s] Level 1:colcon.colcon_core.package_identification:_identify(__pycache__) by extension 'cmake'
[0.197s] Level 1:colcon.colcon_core.package_identification:_identify(__pycache__) by extension 'python'
[0.197s] Level 1:colcon.colcon_core.package_identification:_identify(__pycache__) by extensions ['python_setup_py']
[0.197s] Level 1:colcon.colcon_core.package_identification:_identify(__pycache__) by extension 'python_setup_py'
[0.197s] Level 1:colcon.colcon_core.package_identification:_identify(build) by extensions ['ignore', 'ignore_ament_install']
[0.197s] Level 1:colcon.colcon_core.package_identification:_identify(build) by extension 'ignore'
[0.197s] Level 1:colcon.colcon_core.package_identification:_identify(build) ignored
[0.197s] Level 1:colcon.colcon_core.package_identification:_identify(install) by extensions ['ignore', 'ignore_ament_install']
[0.197s] Level 1:colcon.colcon_core.package_identification:_identify(install) by extension 'ignore'
[0.197s] Level 1:colcon.colcon_core.package_identification:_identify(install) ignored
[0.197s] Level 1:colcon.colcon_core.package_identification:_identify(log) by extensions ['ignore', 'ignore_ament_install']
[0.197s] Level 1:colcon.colcon_core.package_identification:_identify(log) by extension 'ignore'
[0.197s] Level 1:colcon.colcon_core.package_identification:_identify(log) ignored
[0.197s] Level 1:colcon.colcon_core.package_identification:_identify(src) by extensions ['ignore', 'ignore_ament_install']
[0.197s] Level 1:colcon.colcon_core.package_identification:_identify(src) by extension 'ignore'
[0.197s] Level 1:colcon.colcon_core.package_identification:_identify(src) by extension 'ignore_ament_install'
[0.197s] Level 1:colcon.colcon_core.package_identification:_identify(src) by extensions ['colcon_pkg']
[0.197s] Level 1:colcon.colcon_core.package_identification:_identify(src) by extension 'colcon_pkg'
[0.198s] Level 1:colcon.colcon_core.package_identification:_identify(src) by extensions ['colcon_meta']
[0.198s] Level 1:colcon.colcon_core.package_identification:_identify(src) by extension 'colcon_meta'
[0.198s] Level 1:colcon.colcon_core.package_identification:_identify(src) by extensions ['ros']
[0.198s] Level 1:colcon.colcon_core.package_identification:_identify(src) by extension 'ros'
[0.198s] Level 1:colcon.colcon_core.package_identification:_identify(src) by extensions ['cmake', 'python']
[0.198s] Level 1:colcon.colcon_core.package_identification:_identify(src) by extension 'cmake'
[0.198s] Level 1:colcon.colcon_core.package_identification:_identify(src) by extension 'python'
[0.198s] Level 1:colcon.colcon_core.package_identification:_identify(src) by extensions ['python_setup_py']
[0.198s] Level 1:colcon.colcon_core.package_identification:_identify(src) by extension 'python_setup_py'
[0.198s] Level 1:colcon.colcon_core.package_identification:_identify(src/limo_car) by extensions ['ignore', 'ignore_ament_install']
[0.198s] Level 1:colcon.colcon_core.package_identification:_identify(src/limo_car) by extension 'ignore'
[0.198s] Level 1:colcon.colcon_core.package_identification:_identify(src/limo_car) by extension 'ignore_ament_install'
[0.198s] Level 1:colcon.colcon_core.package_identification:_identify(src/limo_car) by extensions ['colcon_pkg']
[0.198s] Level 1:colcon.colcon_core.package_identification:_identify(src/limo_car) by extension 'colcon_pkg'
[0.198s] Level 1:colcon.colcon_core.package_identification:_identify(src/limo_car) by extensions ['colcon_meta']
[0.198s] Level 1:colcon.colcon_core.package_identification:_identify(src/limo_car) by extension 'colcon_meta'
[0.198s] Level 1:colcon.colcon_core.package_identification:_identify(src/limo_car) by extensions ['ros']
[0.198s] Level 1:colcon.colcon_core.package_identification:_identify(src/limo_car) by extension 'ros'
[0.200s] DEBUG:colcon.colcon_core.package_identification:Package 'src/limo_car' with type 'ros.ament_cmake' and name 'limo_car'
[0.200s] Level 1:colcon.colcon_core.package_identification:_identify(src/my_valet_parking) by extensions ['ignore', 'ignore_ament_install']
[0.200s] Level 1:colcon.colcon_core.package_identification:_identify(src/my_valet_parking) by extension 'ignore'
[0.200s] Level 1:colcon.colcon_core.package_identification:_identify(src/my_valet_parking) by extension 'ignore_ament_install'
[0.200s] Level 1:colcon.colcon_core.package_identification:_identify(src/my_valet_parking) by extensions ['colcon_pkg']
[0.200s] Level 1:colcon.colcon_core.package_identification:_identify(src/my_valet_parking) by extension 'colcon_pkg'
[0.200s] Level 1:colcon.colcon_core.package_identification:_identify(src/my_valet_parking) by extensions ['colcon_meta']
[0.200s] Level 1:colcon.colcon_core.package_identification:_identify(src/my_valet_parking) by extension 'colcon_meta'
[0.200s] Level 1:colcon.colcon_core.package_identification:_identify(src/my_valet_parking) by extensions ['ros']
[0.200s] Level 1:colcon.colcon_core.package_identification:_identify(src/my_valet_parking) by extension 'ros'
[0.201s] DEBUG:colcon.colcon_core.package_identification:Package 'src/my_valet_parking' with type 'ros.ament_python' and name 'my_valet_parking'
[0.201s] Level 1:colcon.colcon_core.package_identification:_identify(src/remote_parking_manager) by extensions ['ignore', 'ignore_ament_install']
[0.201s] Level 1:colcon.colcon_core.package_identification:_identify(src/remote_parking_manager) by extension 'ignore'
[0.201s] Level 1:colcon.colcon_core.package_identification:_identify(src/remote_parking_manager) by extension 'ignore_ament_install'
[0.201s] Level 1:colcon.colcon_core.package_identification:_identify(src/remote_parking_manager) by extensions ['colcon_pkg']
[0.201s] Level 1:colcon.colcon_core.package_identification:_identify(src/remote_parking_manager) by extension 'colcon_pkg'
[0.201s] Level 1:colcon.colcon_core.package_identification:_identify(src/remote_parking_manager) by extensions ['colcon_meta']
[0.201s] Level 1:colcon.colcon_core.package_identification:_identify(src/remote_parking_manager) by extension 'colcon_meta'
[0.201s] Level 1:colcon.colcon_core.package_identification:_identify(src/remote_parking_manager) by extensions ['ros']
[0.201s] Level 1:colcon.colcon_core.package_identification:_identify(src/remote_parking_manager) by extension 'ros'
[0.202s] DEBUG:colcon.colcon_core.package_identification:Package 'src/remote_parking_manager' with type 'ros.ament_python' and name 'remote_parking_manager'
[0.202s] Level 1:colcon.colcon_core.package_identification:_identify(src/remote_parking_world) by extensions ['ignore', 'ignore_ament_install']
[0.202s] Level 1:colcon.colcon_core.package_identification:_identify(src/remote_parking_world) by extension 'ignore'
[0.202s] Level 1:colcon.colcon_core.package_identification:_identify(src/remote_parking_world) by extension 'ignore_ament_install'
[0.202s] Level 1:colcon.colcon_core.package_identification:_identify(src/remote_parking_world) by extensions ['colcon_pkg']
[0.202s] Level 1:colcon.colcon_core.package_identification:_identify(src/remote_parking_world) by extension 'colcon_pkg'
[0.202s] Level 1:colcon.colcon_core.package_identification:_identify(src/remote_parking_world) by extensions ['colcon_meta']
[0.202s] Level 1:colcon.colcon_core.package_identification:_identify(src/remote_parking_world) by extension 'colcon_meta'
[0.202s] Level 1:colcon.colcon_core.package_identification:_identify(src/remote_parking_world) by extensions ['ros']
[0.202s] Level 1:colcon.colcon_core.package_identification:_identify(src/remote_parking_world) by extension 'ros'
[0.202s] DEBUG:colcon.colcon_core.package_identification:Package 'src/remote_parking_world' with type 'ros.ament_cmake' and name 'remote_parking_world'
[0.202s] Level 1:colcon.colcon_core.package_discovery:discover_packages(recursive) using defaults
[0.202s] Level 1:colcon.colcon_core.package_discovery:discover_packages(ignore) discover
[0.202s] Level 1:colcon.colcon_core.package_discovery:discover_packages(ignore) using defaults
[0.202s] Level 1:colcon.colcon_core.package_discovery:discover_packages(path) discover
[0.202s] Level 1:colcon.colcon_core.package_discovery:discover_packages(path) using defaults
[0.214s] INFO:colcon.colcon_core.package_selection:Skipping not selected package 'limo_car' in 'src/limo_car'
[0.214s] INFO:colcon.colcon_core.package_selection:Skipping not selected package 'my_valet_parking' in 'src/my_valet_parking'
[0.214s] INFO:colcon.colcon_core.package_selection:Skipping not selected package 'remote_parking_world' in 'src/remote_parking_world'
[0.215s] Level 1:colcon.colcon_core.package_discovery:discover_packages(prefix_path) check parameters
[0.215s] Level 1:colcon.colcon_core.package_discovery:discover_packages(prefix_path) discover
[0.216s] DEBUG:colcon.colcon_installed_package_information.package_discovery:Found 4 installed packages in /home/jihyun/pico_ws/install
[0.216s] DEBUG:colcon.colcon_installed_package_information.package_discovery:Found 8 installed packages in /home/jihyun/ros2_ws/install
[0.217s] DEBUG:colcon.colcon_installed_package_information.package_discovery:Found 358 installed packages in /opt/ros/humble
[0.218s] Level 1:colcon.colcon_core.package_discovery:discover_packages(prefix_path) using defaults
[0.241s] Level 5:colcon.colcon_core.verb:set package 'remote_parking_manager' build argument 'cmake_args' from command line to 'None'
[0.241s] Level 5:colcon.colcon_core.verb:set package 'remote_parking_manager' build argument 'cmake_target' from command line to 'None'
[0.241s] Level 5:colcon.colcon_core.verb:set package 'remote_parking_manager' build argument 'cmake_target_skip_unavailable' from command line to 'False'
[0.241s] Level 5:colcon.colcon_core.verb:set package 'remote_parking_manager' build argument 'cmake_clean_cache' from command line to 'False'
[0.241s] Level 5:colcon.colcon_core.verb:set package 'remote_parking_manager' build argument 'cmake_clean_first' from command line to 'False'
[0.241s] Level 5:colcon.colcon_core.verb:set package 'remote_parking_manager' build argument 'cmake_force_configure' from command line to 'False'
[0.241s] Level 5:colcon.colcon_core.verb:set package 'remote_parking_manager' build argument 'ament_cmake_args' from command line to 'None'
[0.241s] Level 5:colcon.colcon_core.verb:set package 'remote_parking_manager' build argument 'catkin_cmake_args' from command line to 'None'
[0.241s] Level 5:colcon.colcon_core.verb:set package 'remote_parking_manager' build argument 'catkin_skip_building_tests' from command line to 'False'
[0.241s] DEBUG:colcon.colcon_core.verb:Building package 'remote_parking_manager' with the following arguments: {'ament_cmake_args': None, 'build_base': '/home/jihyun/remote_parking_ws_1/build/remote_parking_manager', 'catkin_cmake_args': None, 'catkin_skip_building_tests': False, 'cmake_args': None, 'cmake_clean_cache': False, 'cmake_clean_first': False, 'cmake_force_configure': False, 'cmake_target': None, 'cmake_target_skip_unavailable': False, 'install_base': '/home/jihyun/remote_parking_ws_1/install/remote_parking_manager', 'merge_install': False, 'path': '/home/jihyun/remote_parking_ws_1/src/remote_parking_manager', 'symlink_install': True, 'test_result_base': None}
[0.241s] INFO:colcon.colcon_core.executor:Executing jobs using 'parallel' executor
[0.242s] DEBUG:colcon.colcon_parallel_executor.executor.parallel:run_until_complete
[0.242s] INFO:colcon.colcon_ros.task.ament_python.build:Building ROS package in '/home/jihyun/remote_parking_ws_1/src/remote_parking_manager' with build type 'ament_python'
[0.242s] Level 1:colcon.colcon_core.shell:create_environment_hook('remote_parking_manager', 'ament_prefix_path')
[0.244s] INFO:colcon.colcon_core.plugin_system:Skipping extension 'colcon_core.shell.bat': Not used on non-Windows systems
[0.244s] INFO:colcon.colcon_core.shell:Creating environment hook '/home/jihyun/remote_parking_ws_1/install/remote_parking_manager/share/remote_parking_manager/hook/ament_prefix_path.ps1'
[0.245s] INFO:colcon.colcon_core.shell:Creating environment descriptor '/home/jihyun/remote_parking_ws_1/install/remote_parking_manager/share/remote_parking_manager/hook/ament_prefix_path.dsv'
[0.245s] INFO:colcon.colcon_core.shell:Creating environment hook '/home/jihyun/remote_parking_ws_1/install/remote_parking_manager/share/remote_parking_manager/hook/ament_prefix_path.sh'
[0.246s] INFO:colcon.colcon_core.shell:Skip shell extension 'powershell' for command environment: Not usable outside of PowerShell
[0.246s] DEBUG:colcon.colcon_core.shell:Skip shell extension 'dsv' for command environment
[0.403s] INFO:colcon.colcon_core.task.python.build:Building Python package in '/home/jihyun/remote_parking_ws_1/src/remote_parking_manager'
[0.403s] INFO:colcon.colcon_core.shell:Skip shell extension 'powershell' for command environment: Not usable outside of PowerShell
[0.403s] DEBUG:colcon.colcon_core.shell:Skip shell extension 'dsv' for command environment
[0.624s] DEBUG:colcon.colcon_core.event_handler.log_command:Invoking command in '/home/jihyun/remote_parking_ws_1/build/remote_parking_manager': PYTHONPATH=/home/jihyun/remote_parking_ws_1/build/remote_parking_manager/prefix_override:/usr/lib/python3/dist-packages/colcon_core/task/python/colcon_distutils_commands:/home/jihyun/remote_parking_ws_1/install/remote_parking_manager/lib/python3.10/site-packages:${PYTHONPATH} /usr/bin/python3 -W ignore:setup.py install is deprecated -W ignore:easy_install command is deprecated setup.py develop --editable --build-directory /home/jihyun/remote_parking_ws_1/build/remote_parking_manager/build --no-deps symlink_data
[0.892s] Level 1:colcon.colcon_core.shell:create_environment_hook('remote_parking_manager', 'pythonpath_develop')
[0.893s] INFO:colcon.colcon_core.shell:Creating environment hook '/home/jihyun/remote_parking_ws_1/build/remote_parking_manager/share/remote_parking_manager/hook/pythonpath_develop.ps1'
[0.893s] DEBUG:colcon.colcon_core.event_handler.log_command:Invoked command in '/home/jihyun/remote_parking_ws_1/build/remote_parking_manager' returned '0': PYTHONPATH=/home/jihyun/remote_parking_ws_1/build/remote_parking_manager/prefix_override:/usr/lib/python3/dist-packages/colcon_core/task/python/colcon_distutils_commands:/home/jihyun/remote_parking_ws_1/install/remote_parking_manager/lib/python3.10/site-packages:${PYTHONPATH} /usr/bin/python3 -W ignore:setup.py install is deprecated -W ignore:easy_install command is deprecated setup.py develop --editable --build-directory /home/jihyun/remote_parking_ws_1/build/remote_parking_manager/build --no-deps symlink_data
[0.894s] INFO:colcon.colcon_core.shell:Creating environment descriptor '/home/jihyun/remote_parking_ws_1/build/remote_parking_manager/share/remote_parking_manager/hook/pythonpath_develop.dsv'
[0.894s] INFO:colcon.colcon_core.shell:Creating environment hook '/home/jihyun/remote_parking_ws_1/build/remote_parking_manager/share/remote_parking_manager/hook/pythonpath_develop.sh'
[0.897s] Level 1:colcon.colcon_core.environment:checking '/home/jihyun/remote_parking_ws_1/install/remote_parking_manager' for CMake module files
[0.897s] Level 1:colcon.colcon_core.environment:checking '/home/jihyun/remote_parking_ws_1/install/remote_parking_manager' for CMake config files
[0.897s] Level 1:colcon.colcon_core.environment:checking '/home/jihyun/remote_parking_ws_1/install/remote_parking_manager/lib'
[0.898s] Level 1:colcon.colcon_core.environment:checking '/home/jihyun/remote_parking_ws_1/install/remote_parking_manager/bin'
[0.898s] Level 1:colcon.colcon_core.environment:checking '/home/jihyun/remote_parking_ws_1/install/remote_parking_manager/lib/pkgconfig/remote_parking_manager.pc'
[0.898s] Level 1:colcon.colcon_core.environment:checking '/home/jihyun/remote_parking_ws_1/install/remote_parking_manager/lib/python3.10/site-packages'
[0.898s] Level 1:colcon.colcon_core.shell:create_environment_hook('remote_parking_manager', 'pythonpath')
[0.898s] INFO:colcon.colcon_core.shell:Creating environment hook '/home/jihyun/remote_parking_ws_1/install/remote_parking_manager/share/remote_parking_manager/hook/pythonpath.ps1'
[0.898s] INFO:colcon.colcon_core.shell:Creating environment descriptor '/home/jihyun/remote_parking_ws_1/install/remote_parking_manager/share/remote_parking_manager/hook/pythonpath.dsv'
[0.898s] INFO:colcon.colcon_core.shell:Creating environment hook '/home/jihyun/remote_parking_ws_1/install/remote_parking_manager/share/remote_parking_manager/hook/pythonpath.sh'
[0.899s] Level 1:colcon.colcon_core.environment:checking '/home/jihyun/remote_parking_ws_1/install/remote_parking_manager/bin'
[0.899s] Level 1:colcon.colcon_core.environment:create_environment_scripts_only(remote_parking_manager)
[0.899s] INFO:colcon.colcon_core.shell:Creating package script '/home/jihyun/remote_parking_ws_1/install/remote_parking_manager/share/remote_parking_manager/package.ps1'
[0.899s] INFO:colcon.colcon_core.shell:Creating package descriptor '/home/jihyun/remote_parking_ws_1/install/remote_parking_manager/share/remote_parking_manager/package.dsv'
[0.900s] INFO:colcon.colcon_core.shell:Creating package script '/home/jihyun/remote_parking_ws_1/install/remote_parking_manager/share/remote_parking_manager/package.sh'
[0.900s] INFO:colcon.colcon_core.shell:Creating package script '/home/jihyun/remote_parking_ws_1/install/remote_parking_manager/share/remote_parking_manager/package.bash'
[0.900s] INFO:colcon.colcon_core.shell:Creating package script '/home/jihyun/remote_parking_ws_1/install/remote_parking_manager/share/remote_parking_manager/package.zsh'
[0.901s] Level 1:colcon.colcon_core.environment:create_file_with_runtime_dependencies(/home/jihyun/remote_parking_ws_1/install/remote_parking_manager/share/colcon-core/packages/remote_parking_manager)
[0.901s] DEBUG:colcon.colcon_parallel_executor.executor.parallel:closing loop
[0.901s] DEBUG:colcon.colcon_parallel_executor.executor.parallel:loop closed
[0.901s] DEBUG:colcon.colcon_parallel_executor.executor.parallel:run_until_complete finished with '0'
[0.901s] DEBUG:colcon.colcon_core.event_reactor:joining thread
[0.906s] INFO:colcon.colcon_core.plugin_system:Skipping extension 'colcon_notification.desktop_notification.terminal_notifier': Not used on non-Darwin systems
[0.906s] INFO:colcon.colcon_core.plugin_system:Skipping extension 'colcon_notification.desktop_notification.win32': Not used on non-Windows systems
[0.906s] INFO:colcon.colcon_notification.desktop_notification:Sending desktop notification using 'notify2'
[0.913s] DEBUG:colcon.colcon_core.event_reactor:joined thread
[0.914s] INFO:colcon.colcon_core.shell:Creating prefix script '/home/jihyun/remote_parking_ws_1/install/local_setup.ps1'
[0.915s] INFO:colcon.colcon_core.shell:Creating prefix util module '/home/jihyun/remote_parking_ws_1/install/_local_setup_util_ps1.py'
[0.916s] INFO:colcon.colcon_core.shell:Creating prefix chain script '/home/jihyun/remote_parking_ws_1/install/setup.ps1'
[0.917s] INFO:colcon.colcon_core.shell:Creating prefix script '/home/jihyun/remote_parking_ws_1/install/local_setup.sh'
[0.917s] INFO:colcon.colcon_core.shell:Creating prefix util module '/home/jihyun/remote_parking_ws_1/install/_local_setup_util_sh.py'
[0.918s] INFO:colcon.colcon_core.shell:Creating prefix chain script '/home/jihyun/remote_parking_ws_1/install/setup.sh'
[0.918s] INFO:colcon.colcon_core.shell:Creating prefix script '/home/jihyun/remote_parking_ws_1/install/local_setup.bash'
[0.919s] INFO:colcon.colcon_core.shell:Creating prefix chain script '/home/jihyun/remote_parking_ws_1/install/setup.bash'
[0.919s] INFO:colcon.colcon_core.shell:Creating prefix script '/home/jihyun/remote_parking_ws_1/install/local_setup.zsh'
[0.920s] INFO:colcon.colcon_core.shell:Creating prefix chain script '/home/jihyun/remote_parking_ws_1/install/setup.zsh'
