[0.592s] Invoking command in '/home/jihyun/remote_parking_ws_1/build/my_valet_parking': PYTHONPATH=/home/jihyun/remote_parking_ws_1/build/my_valet_parking/prefix_override:/usr/lib/python3/dist-packages/colcon_core/task/python/colcon_distutils_commands:/home/jihyun/remote_parking_ws_1/install/my_valet_parking/lib/python3.10/site-packages:${PYTHONPATH} /usr/bin/python3 -W ignore:setup.py install is deprecated -W ignore:easy_install command is deprecated setup.py develop --editable --build-directory /home/jihyun/remote_parking_ws_1/build/my_valet_parking/build --no-deps symlink_data
[0.739s] running develop
[0.820s] running egg_info
[0.820s] creating my_valet_parking.egg-info
[0.821s] writing my_valet_parking.egg-info/PKG-INFO
[0.821s] writing dependency_links to my_valet_parking.egg-info/dependency_links.txt
[0.821s] writing entry points to my_valet_parking.egg-info/entry_points.txt
[0.821s] writing requirements to my_valet_parking.egg-info/requires.txt
[0.821s] writing top-level names to my_valet_parking.egg-info/top_level.txt
[0.821s] writing manifest file 'my_valet_parking.egg-info/SOURCES.txt'
[0.822s] reading manifest file 'my_valet_parking.egg-info/SOURCES.txt'
[0.822s] writing manifest file 'my_valet_parking.egg-info/SOURCES.txt'
[0.824s] running build_ext
[0.824s] Creating /home/jihyun/remote_parking_ws_1/install/my_valet_parking/lib/python3.10/site-packages/my-valet-parking.egg-link (link to .)
[0.824s] Installing car_exit_controller script to /home/jihyun/remote_parking_ws_1/install/my_valet_parking/lib/my_valet_parking
[0.824s] Installing dynamic_tracker_node script to /home/jihyun/remote_parking_ws_1/install/my_valet_parking/lib/my_valet_parking
[0.824s] Installing limo2_arrow_teleop script to /home/jihyun/remote_parking_ws_1/install/my_valet_parking/lib/my_valet_parking
[0.824s] Installing limo2_exit_handler script to /home/jihyun/remote_parking_ws_1/install/my_valet_parking/lib/my_valet_parking
[0.825s] Installing limo_evasion_controller script to /home/jihyun/remote_parking_ws_1/install/my_valet_parking/lib/my_valet_parking
[0.825s] Installing limo_f1tenth_pure_pursuit script to /home/jihyun/remote_parking_ws_1/install/my_valet_parking/lib/my_valet_parking
[0.825s] Installing limo_lane_mission script to /home/jihyun/remote_parking_ws_1/install/my_valet_parking/lib/my_valet_parking
[0.826s] Installing limo_valet_parking_node script to /home/jihyun/remote_parking_ws_1/install/my_valet_parking/lib/my_valet_parking
[0.826s] Installing limo_lane_mission.py script to /home/jihyun/remote_parking_ws_1/install/my_valet_parking/lib/my_valet_parking
[0.826s] Installing parking_detector.py script to /home/jihyun/remote_parking_ws_1/install/my_valet_parking/lib/my_valet_parking
[0.826s] Installing limo_parking_planner.py script to /home/jihyun/remote_parking_ws_1/install/my_valet_parking/lib/my_valet_parking
[0.826s] Installing simple_straight_mission.py script to /home/jihyun/remote_parking_ws_1/install/my_valet_parking/lib/my_valet_parking
[0.827s] Installing run_parking_algorithm.sh script to /home/jihyun/remote_parking_ws_1/install/my_valet_parking/lib/my_valet_parking
[0.827s] 
[0.827s] Installed /home/jihyun/remote_parking_ws_1/build/my_valet_parking
[0.827s] running symlink_data
[0.827s] creating /home/jihyun/remote_parking_ws_1/install/my_valet_parking/share/ament_index
[0.827s] creating /home/jihyun/remote_parking_ws_1/install/my_valet_parking/share/ament_index/resource_index
[0.827s] creating /home/jihyun/remote_parking_ws_1/install/my_valet_parking/share/ament_index/resource_index/packages
[0.827s] symbolically linking /home/jihyun/remote_parking_ws_1/build/my_valet_parking/resource/my_valet_parking -> /home/jihyun/remote_parking_ws_1/install/my_valet_parking/share/ament_index/resource_index/packages
[0.827s] symbolically linking /home/jihyun/remote_parking_ws_1/build/my_valet_parking/package.xml -> /home/jihyun/remote_parking_ws_1/install/my_valet_parking/share/my_valet_parking
[0.827s] creating /home/jihyun/remote_parking_ws_1/install/my_valet_parking/share/my_valet_parking/rviz
[0.827s] symbolically linking /home/jihyun/remote_parking_ws_1/build/my_valet_parking/rviz/parking_status.rviz -> /home/jihyun/remote_parking_ws_1/install/my_valet_parking/share/my_valet_parking/rviz
[0.858s] Invoked command in '/home/jihyun/remote_parking_ws_1/build/my_valet_parking' returned '0': PYTHONPATH=/home/jihyun/remote_parking_ws_1/build/my_valet_parking/prefix_override:/usr/lib/python3/dist-packages/colcon_core/task/python/colcon_distutils_commands:/home/jihyun/remote_parking_ws_1/install/my_valet_parking/lib/python3.10/site-packages:${PYTHONPATH} /usr/bin/python3 -W ignore:setup.py install is deprecated -W ignore:easy_install command is deprecated setup.py develop --editable --build-directory /home/jihyun/remote_parking_ws_1/build/my_valet_parking/build --no-deps symlink_data
