[0.010s] Invoking command in '/home/jihyun/remote_parking_ws_1/build/remote_parking_world': AMENT_PREFIX_PATH=/home/jihyun/remote_parking_ws_1/install/remote_parking_manager:/home/jihyun/remote_parking_ws_1/install/my_valet_parking:${AMENT_PREFIX_PATH} CMAKE_PREFIX_PATH=${CMAKE_PREFIX_PATH}:/home/jihyun/ros2_ws/install/py_pubsub:/opt/ros/humble PYTHONPATH=/home/jihyun/remote_parking_ws_1/build/remote_parking_manager:/home/jihyun/remote_parking_ws_1/install/remote_parking_manager/lib/python3.10/site-packages:/home/jihyun/remote_parking_ws_1/build/my_valet_parking:/home/jihyun/remote_parking_ws_1/install/my_valet_parking/lib/python3.10/site-packages:${PYTHONPATH} /usr/bin/cmake /home/jihyun/remote_parking_ws_1/src/remote_parking_world -DAMENT_CMAKE_SYMLINK_INSTALL=1 -DCMAKE_INSTALL_PREFIX=/home/jihyun/remote_parking_ws_1/install/remote_parking_world
[0.064s] -- The C compiler identification is GNU 11.4.0
[0.103s] -- The CXX compiler identification is GNU 11.4.0
[0.108s] -- Detecting C compiler ABI info
[0.170s] -- Detecting C compiler ABI info - done
[0.175s] -- Check for working C compiler: /usr/bin/cc - skipped
[0.175s] -- Detecting C compile features
[0.175s] -- Detecting C compile features - done
[0.177s] -- Detecting CXX compiler ABI info
[0.235s] -- Detecting CXX compiler ABI info - done
[0.241s] -- Check for working CXX compiler: /usr/bin/c++ - skipped
[0.241s] -- Detecting CXX compile features
[0.242s] -- Detecting CXX compile features - done
[0.243s] -- Found ament_cmake: 1.3.12 (/opt/ros/humble/share/ament_cmake/cmake)
[0.343s] -- Found Python3: /usr/bin/python3 (found version "3.10.12") found components: Interpreter 
[0.382s] -- Override CMake install command with custom implementation using symlinks instead of copying resources
[0.462s] -- Configuring done
[0.464s] -- Generating done
[0.464s] -- Build files have been written to: /home/jihyun/remote_parking_ws_1/build/remote_parking_world
[0.467s] Invoked command in '/home/jihyun/remote_parking_ws_1/build/remote_parking_world' returned '0': AMENT_PREFIX_PATH=/home/jihyun/remote_parking_ws_1/install/remote_parking_manager:/home/jihyun/remote_parking_ws_1/install/my_valet_parking:${AMENT_PREFIX_PATH} CMAKE_PREFIX_PATH=${CMAKE_PREFIX_PATH}:/home/jihyun/ros2_ws/install/py_pubsub:/opt/ros/humble PYTHONPATH=/home/jihyun/remote_parking_ws_1/build/remote_parking_manager:/home/jihyun/remote_parking_ws_1/install/remote_parking_manager/lib/python3.10/site-packages:/home/jihyun/remote_parking_ws_1/build/my_valet_parking:/home/jihyun/remote_parking_ws_1/install/my_valet_parking/lib/python3.10/site-packages:${PYTHONPATH} /usr/bin/cmake /home/jihyun/remote_parking_ws_1/src/remote_parking_world -DAMENT_CMAKE_SYMLINK_INSTALL=1 -DCMAKE_INSTALL_PREFIX=/home/jihyun/remote_parking_ws_1/install/remote_parking_world
[0.470s] Invoking command in '/home/jihyun/remote_parking_ws_1/build/remote_parking_world': AMENT_PREFIX_PATH=/home/jihyun/remote_parking_ws_1/install/remote_parking_manager:/home/jihyun/remote_parking_ws_1/install/my_valet_parking:${AMENT_PREFIX_PATH} CMAKE_PREFIX_PATH=${CMAKE_PREFIX_PATH}:/home/jihyun/ros2_ws/install/py_pubsub:/opt/ros/humble PYTHONPATH=/home/jihyun/remote_parking_ws_1/build/remote_parking_manager:/home/jihyun/remote_parking_ws_1/install/remote_parking_manager/lib/python3.10/site-packages:/home/jihyun/remote_parking_ws_1/build/my_valet_parking:/home/jihyun/remote_parking_ws_1/install/my_valet_parking/lib/python3.10/site-packages:${PYTHONPATH} /usr/bin/cmake --build /home/jihyun/remote_parking_ws_1/build/remote_parking_world -- -j22 -l22
[0.502s] Invoked command in '/home/jihyun/remote_parking_ws_1/build/remote_parking_world' returned '0': AMENT_PREFIX_PATH=/home/jihyun/remote_parking_ws_1/install/remote_parking_manager:/home/jihyun/remote_parking_ws_1/install/my_valet_parking:${AMENT_PREFIX_PATH} CMAKE_PREFIX_PATH=${CMAKE_PREFIX_PATH}:/home/jihyun/ros2_ws/install/py_pubsub:/opt/ros/humble PYTHONPATH=/home/jihyun/remote_parking_ws_1/build/remote_parking_manager:/home/jihyun/remote_parking_ws_1/install/remote_parking_manager/lib/python3.10/site-packages:/home/jihyun/remote_parking_ws_1/build/my_valet_parking:/home/jihyun/remote_parking_ws_1/install/my_valet_parking/lib/python3.10/site-packages:${PYTHONPATH} /usr/bin/cmake --build /home/jihyun/remote_parking_ws_1/build/remote_parking_world -- -j22 -l22
[0.503s] Invoking command in '/home/jihyun/remote_parking_ws_1/build/remote_parking_world': AMENT_PREFIX_PATH=/home/jihyun/remote_parking_ws_1/install/remote_parking_manager:/home/jihyun/remote_parking_ws_1/install/my_valet_parking:${AMENT_PREFIX_PATH} CMAKE_PREFIX_PATH=${CMAKE_PREFIX_PATH}:/home/jihyun/ros2_ws/install/py_pubsub:/opt/ros/humble PYTHONPATH=/home/jihyun/remote_parking_ws_1/build/remote_parking_manager:/home/jihyun/remote_parking_ws_1/install/remote_parking_manager/lib/python3.10/site-packages:/home/jihyun/remote_parking_ws_1/build/my_valet_parking:/home/jihyun/remote_parking_ws_1/install/my_valet_parking/lib/python3.10/site-packages:${PYTHONPATH} /usr/bin/cmake --install /home/jihyun/remote_parking_ws_1/build/remote_parking_world
[0.510s] -- Install configuration: ""
[0.511s] -- Execute custom install script
[0.511s] -- Symlinking: /home/jihyun/remote_parking_ws_1/install/remote_parking_world/share/remote_parking_world//worlds/remote_parking_static.world
[0.519s] -- Symlinking: /home/jihyun/remote_parking_ws_1/install/remote_parking_world/share/remote_parking_world//launch/spawn_robots.launch.py
[0.527s] -- Symlinking: /home/jihyun/remote_parking_ws_1/install/remote_parking_world/share/remote_parking_world//launch/world_server.launch.py
[0.533s] -- Symlinking: /home/jihyun/remote_parking_ws_1/install/remote_parking_world/share/remote_parking_world//scripts/reset_robots.sh
[0.540s] -- Symlinking: /home/jihyun/remote_parking_ws_1/install/remote_parking_world/share/remote_parking_world//scripts/select_car.sh
[0.548s] -- Symlinking: /home/jihyun/remote_parking_ws_1/install/remote_parking_world/share/remote_parking_world//urdf/limo_kinematic.urdf.xacro
[0.553s] -- Symlinking: /home/jihyun/remote_parking_ws_1/install/remote_parking_world/share/remote_parking_world//urdf/limo_with_rear_camera.urdf.xacro
[0.561s] -- Symlinking: /home/jihyun/remote_parking_ws_1/install/remote_parking_world/share/remote_parking_world//models/static_limo/meshes/limo_base.dae
[0.566s] -- Symlinking: /home/jihyun/remote_parking_ws_1/install/remote_parking_world/share/remote_parking_world//models/static_limo/meshes/limo_wheel.dae
[0.573s] -- Symlinking: /home/jihyun/remote_parking_ws_1/install/remote_parking_world/share/remote_parking_world//models/static_limo/model.config
[0.581s] -- Symlinking: /home/jihyun/remote_parking_ws_1/install/remote_parking_world/share/remote_parking_world//models/static_limo/model.sdf
[0.590s] -- Up-to-date symlink: /home/jihyun/remote_parking_ws_1/install/remote_parking_world/share/remote_parking_world/scripts/reset_robots.sh
[0.590s] -- Symlinking: /home/jihyun/remote_parking_ws_1/install/remote_parking_world/share/ament_index/resource_index/package_run_dependencies/remote_parking_world
[0.598s] -- Symlinking: /home/jihyun/remote_parking_ws_1/install/remote_parking_world/share/ament_index/resource_index/parent_prefix_path/remote_parking_world
[0.604s] -- Symlinking: /home/jihyun/remote_parking_ws_1/install/remote_parking_world/share/remote_parking_world/environment/ament_prefix_path.sh
[0.612s] -- Symlinking: /home/jihyun/remote_parking_ws_1/install/remote_parking_world/share/remote_parking_world/environment/ament_prefix_path.dsv
[0.619s] -- Symlinking: /home/jihyun/remote_parking_ws_1/install/remote_parking_world/share/remote_parking_world/environment/path.sh
[0.626s] -- Symlinking: /home/jihyun/remote_parking_ws_1/install/remote_parking_world/share/remote_parking_world/environment/path.dsv
[0.633s] -- Symlinking: /home/jihyun/remote_parking_ws_1/install/remote_parking_world/share/remote_parking_world/local_setup.bash
[0.642s] -- Symlinking: /home/jihyun/remote_parking_ws_1/install/remote_parking_world/share/remote_parking_world/local_setup.sh
[0.650s] -- Symlinking: /home/jihyun/remote_parking_ws_1/install/remote_parking_world/share/remote_parking_world/local_setup.zsh
[0.658s] -- Symlinking: /home/jihyun/remote_parking_ws_1/install/remote_parking_world/share/remote_parking_world/local_setup.dsv
[0.667s] -- Symlinking: /home/jihyun/remote_parking_ws_1/install/remote_parking_world/share/remote_parking_world/package.dsv
[0.675s] -- Symlinking: /home/jihyun/remote_parking_ws_1/install/remote_parking_world/share/ament_index/resource_index/packages/remote_parking_world
[0.683s] -- Symlinking: /home/jihyun/remote_parking_ws_1/install/remote_parking_world/share/remote_parking_world/cmake/remote_parking_worldConfig.cmake
[0.690s] -- Symlinking: /home/jihyun/remote_parking_ws_1/install/remote_parking_world/share/remote_parking_world/cmake/remote_parking_worldConfig-version.cmake
[0.697s] -- Symlinking: /home/jihyun/remote_parking_ws_1/install/remote_parking_world/share/remote_parking_world/package.xml
[0.706s] Invoked command in '/home/jihyun/remote_parking_ws_1/build/remote_parking_world' returned '0': AMENT_PREFIX_PATH=/home/jihyun/remote_parking_ws_1/install/remote_parking_manager:/home/jihyun/remote_parking_ws_1/install/my_valet_parking:${AMENT_PREFIX_PATH} CMAKE_PREFIX_PATH=${CMAKE_PREFIX_PATH}:/home/jihyun/ros2_ws/install/py_pubsub:/opt/ros/humble PYTHONPATH=/home/jihyun/remote_parking_ws_1/build/remote_parking_manager:/home/jihyun/remote_parking_ws_1/install/remote_parking_manager/lib/python3.10/site-packages:/home/jihyun/remote_parking_ws_1/build/my_valet_parking:/home/jihyun/remote_parking_ws_1/install/my_valet_parking/lib/python3.10/site-packages:${PYTHONPATH} /usr/bin/cmake --install /home/jihyun/remote_parking_ws_1/build/remote_parking_world
