[0.014s] Invoking command in '/home/jihyun/LIMO_simulation/build/limo_msgs': CMAKE_PREFIX_PATH=${CMAKE_PREFIX_PATH}:/home/jihyun/LIMO_simulation/install/my_valet_parking:/opt/ros/humble /usr/bin/cmake /home/jihyun/LIMO_simulation/src/limo_msgs -DAMENT_CMAKE_SYMLINK_INSTALL=1 -DCMAKE_INSTALL_PREFIX=/home/jihyun/LIMO_simulation/install/limo_msgs
[0.188s] -- The C compiler identification is GNU 11.4.0
[0.189s] -- The CXX compiler identification is GNU 11.4.0
[0.189s] -- Detecting C compiler ABI info
[0.198s] -- Detecting C compiler ABI info - done
[0.204s] -- Check for working C compiler: /usr/bin/cc - skipped
[0.204s] -- Detecting C compile features
[0.204s] -- Detecting C compile features - done
[0.206s] -- Detecting CXX compiler ABI info
[0.268s] -- Detecting CXX compiler ABI info - done
[0.275s] -- Check for working CXX compiler: /usr/bin/c++ - skipped
[0.275s] -- Detecting CXX compile features
[0.276s] -- Detecting CXX compile features - done
[0.279s] -- Found ament_cmake: 1.3.12 (/opt/ros/humble/share/ament_cmake/cmake)
[0.381s] -- Found Python3: /usr/bin/python3 (found version "3.10.12") found components: Interpreter 
[0.435s] -- Override CMake install command with custom implementation using symlinks instead of copying resources
[0.475s] -- Found std_msgs: 4.9.0 (/opt/ros/humble/share/std_msgs/cmake)
[0.503s] -- Found rosidl_generator_c: 3.1.8 (/opt/ros/humble/share/rosidl_generator_c/cmake)
[0.507s] -- Found rosidl_adapter: 3.1.8 (/opt/ros/humble/share/rosidl_adapter/cmake)
[0.514s] -- Found rosidl_generator_cpp: 3.1.8 (/opt/ros/humble/share/rosidl_generator_cpp/cmake)
[0.523s] -- Using all available rosidl_typesupport_c: rosidl_typesupport_fastrtps_c;rosidl_typesupport_introspection_c
[0.539s] -- Using all available rosidl_typesupport_cpp: rosidl_typesupport_fastrtps_cpp;rosidl_typesupport_introspection_cpp
[0.554s] -- Found rosidl_default_generators: 1.2.0 (/opt/ros/humble/share/rosidl_default_generators/cmake)
[0.832s] -- Found ament_cmake_ros: 0.10.0 (/opt/ros/humble/share/ament_cmake_ros/cmake)
[1.055s] -- Using all available rosidl_typesupport_c: rosidl_typesupport_fastrtps_c;rosidl_typesupport_introspection_c
[1.132s] -- Using all available rosidl_typesupport_cpp: rosidl_typesupport_fastrtps_cpp;rosidl_typesupport_introspection_cpp
[1.143s] -- Found PythonInterp: /usr/bin/python3 (found suitable version "3.10.12", minimum required is "3.6") 
[1.144s] -- Found python_cmake_module: 0.10.0 (/opt/ros/humble/share/python_cmake_module/cmake)
[1.158s] -- Found PythonLibs: /usr/lib/x86_64-linux-gnu/libpython3.10.so (found suitable version "3.10.12", minimum required is "3.5") 
[1.158s] -- Using PYTHON_EXECUTABLE: /usr/bin/python3
[1.158s] -- Using PYTHON_INCLUDE_DIRS: /usr/include/python3.10
[1.158s] -- Using PYTHON_LIBRARIES: /usr/lib/x86_64-linux-gnu/libpython3.10.so
[1.172s] -- Found PythonExtra: .so  
[1.202s] -- Found ament_lint_auto: 0.12.14 (/opt/ros/humble/share/ament_lint_auto/cmake)
[1.220s] -- Added test 'copyright' to check source files copyright and LICENSE
[1.221s] -- Added test 'lint_cmake' to check CMake code style
[1.221s] -- Added test 'xmllint' to check XML markup files
[1.223s] -- Configuring done
[1.239s] -- Generating done
[1.244s] -- Build files have been written to: /home/jihyun/LIMO_simulation/build/limo_msgs
[1.249s] Invoked command in '/home/jihyun/LIMO_simulation/build/limo_msgs' returned '0': CMAKE_PREFIX_PATH=${CMAKE_PREFIX_PATH}:/home/jihyun/LIMO_simulation/install/my_valet_parking:/opt/ros/humble /usr/bin/cmake /home/jihyun/LIMO_simulation/src/limo_msgs -DAMENT_CMAKE_SYMLINK_INSTALL=1 -DCMAKE_INSTALL_PREFIX=/home/jihyun/LIMO_simulation/install/limo_msgs
[1.250s] Invoking command in '/home/jihyun/LIMO_simulation/build/limo_msgs': CMAKE_PREFIX_PATH=${CMAKE_PREFIX_PATH}:/home/jihyun/LIMO_simulation/install/my_valet_parking:/opt/ros/humble /usr/bin/cmake --build /home/jihyun/LIMO_simulation/build/limo_msgs -- -j22 -l22
[1.284s] [  3%] Generating C code for ROS interfaces
[1.292s] [  6%] Generating C++ code for ROS interfaces
[1.299s] [  6%] Built target ament_cmake_python_symlink_limo_msgs
[1.465s] [  6%] Built target limo_msgs__cpp
[1.472s] [ 12%] Generating C++ type support dispatch for ROS interfaces
[1.472s] [ 12%] Building C object CMakeFiles/limo_msgs__rosidl_generator_c.dir/rosidl_generator_c/limo_msgs/msg/detail/limo_status__functions.c.o
[1.473s] [ 16%] Generating C++ introspection for ROS interfaces
[1.474s] [ 19%] Generating C++ type support for eProsima Fast-RTPS
[1.519s] running egg_info
[1.520s] creating limo_msgs.egg-info
[1.520s] writing limo_msgs.egg-info/PKG-INFO
[1.520s] writing dependency_links to limo_msgs.egg-info/dependency_links.txt
[1.520s] writing top-level names to limo_msgs.egg-info/top_level.txt
[1.520s] writing manifest file 'limo_msgs.egg-info/SOURCES.txt'
[1.521s] [ 22%] Linking C shared library liblimo_msgs__rosidl_generator_c.so
[1.523s] reading manifest file 'limo_msgs.egg-info/SOURCES.txt'
[1.523s] writing manifest file 'limo_msgs.egg-info/SOURCES.txt'
[1.554s] [ 22%] Built target ament_cmake_python_build_limo_msgs_egg
[1.560s] [ 22%] Built target limo_msgs__rosidl_generator_c
[1.570s] [ 25%] Generating C type support for eProsima Fast-RTPS
[1.570s] [ 29%] Generating C introspection for ROS interfaces
[1.571s] [ 32%] Generating C type support dispatch for ROS interfaces
[1.624s] [ 35%] Building CXX object CMakeFiles/limo_msgs__rosidl_typesupport_cpp.dir/rosidl_typesupport_cpp/limo_msgs/msg/limo_status__type_support.cpp.o
[1.635s] [ 38%] Building CXX object CMakeFiles/limo_msgs__rosidl_typesupport_introspection_cpp.dir/rosidl_typesupport_introspection_cpp/limo_msgs/msg/detail/limo_status__type_support.cpp.o
[1.646s] [ 41%] Building CXX object CMakeFiles/limo_msgs__rosidl_typesupport_fastrtps_cpp.dir/rosidl_typesupport_fastrtps_cpp/limo_msgs/msg/detail/dds_fastrtps/limo_status__type_support.cpp.o
[1.724s] [ 45%] Building CXX object CMakeFiles/limo_msgs__rosidl_typesupport_c.dir/rosidl_typesupport_c/limo_msgs/msg/limo_status__type_support.cpp.o
[1.750s] [ 48%] Linking CXX shared library liblimo_msgs__rosidl_typesupport_c.so
[1.791s] [ 51%] Linking CXX shared library liblimo_msgs__rosidl_typesupport_cpp.so
[1.792s] [ 51%] Built target limo_msgs__rosidl_typesupport_c
[1.809s] [ 54%] Building C object CMakeFiles/limo_msgs__rosidl_typesupport_introspection_c.dir/rosidl_typesupport_introspection_c/limo_msgs/msg/detail/limo_status__type_support.c.o
[1.825s] [ 54%] Built target limo_msgs__rosidl_typesupport_cpp
[1.843s] [ 58%] Linking C shared library liblimo_msgs__rosidl_typesupport_introspection_c.so
[1.848s] [ 61%] Building CXX object CMakeFiles/limo_msgs__rosidl_typesupport_fastrtps_c.dir/rosidl_typesupport_fastrtps_c/limo_msgs/msg/detail/limo_status__type_support_c.cpp.o
[1.867s] [ 61%] Built target limo_msgs__rosidl_typesupport_introspection_c
[1.884s] [ 64%] Linking CXX shared library liblimo_msgs__rosidl_typesupport_introspection_cpp.so
[1.892s] [ 67%] Linking CXX shared library liblimo_msgs__rosidl_typesupport_fastrtps_cpp.so
[1.930s] [ 67%] Built target limo_msgs__rosidl_typesupport_introspection_cpp
[1.947s] [ 67%] Built target limo_msgs__rosidl_typesupport_fastrtps_cpp
[2.040s] [ 70%] Linking CXX shared library liblimo_msgs__rosidl_typesupport_fastrtps_c.so
[2.096s] [ 70%] Built target limo_msgs__rosidl_typesupport_fastrtps_c
[2.114s] [ 70%] Built target limo_msgs
[2.131s] [ 74%] Generating Python code for ROS interfaces
[2.315s] [ 74%] Built target limo_msgs__py
[2.333s] [ 77%] Building C object CMakeFiles/limo_msgs__rosidl_generator_py.dir/rosidl_generator_py/limo_msgs/msg/_limo_status_s.c.o
[2.395s] [ 80%] Linking C shared library rosidl_generator_py/limo_msgs/liblimo_msgs__rosidl_generator_py.so
[2.428s] [ 80%] Built target limo_msgs__rosidl_generator_py
[2.446s] [ 83%] Building C object CMakeFiles/limo_msgs__rosidl_typesupport_c__pyext.dir/rosidl_generator_py/limo_msgs/_limo_msgs_s.ep.rosidl_typesupport_c.c.o
[2.447s] [ 87%] Building C object CMakeFiles/limo_msgs__rosidl_typesupport_fastrtps_c__pyext.dir/rosidl_generator_py/limo_msgs/_limo_msgs_s.ep.rosidl_typesupport_fastrtps_c.c.o
[2.448s] [ 90%] Building C object CMakeFiles/limo_msgs__rosidl_typesupport_introspection_c__pyext.dir/rosidl_generator_py/limo_msgs/_limo_msgs_s.ep.rosidl_typesupport_introspection_c.c.o
[2.503s] [ 93%] Linking C shared library rosidl_generator_py/limo_msgs/limo_msgs_s__rosidl_typesupport_fastrtps_c.cpython-310-x86_64-linux-gnu.so
[2.503s] [ 96%] Linking C shared library rosidl_generator_py/limo_msgs/limo_msgs_s__rosidl_typesupport_introspection_c.cpython-310-x86_64-linux-gnu.so
[2.510s] [100%] Linking C shared library rosidl_generator_py/limo_msgs/limo_msgs_s__rosidl_typesupport_c.cpython-310-x86_64-linux-gnu.so
[2.531s] [100%] Built target limo_msgs__rosidl_typesupport_fastrtps_c__pyext
[2.537s] [100%] Built target limo_msgs__rosidl_typesupport_c__pyext
[2.537s] [100%] Built target limo_msgs__rosidl_typesupport_introspection_c__pyext
[2.545s] Invoked command in '/home/jihyun/LIMO_simulation/build/limo_msgs' returned '0': CMAKE_PREFIX_PATH=${CMAKE_PREFIX_PATH}:/home/jihyun/LIMO_simulation/install/my_valet_parking:/opt/ros/humble /usr/bin/cmake --build /home/jihyun/LIMO_simulation/build/limo_msgs -- -j22 -l22
[2.546s] Invoking command in '/home/jihyun/LIMO_simulation/build/limo_msgs': CMAKE_PREFIX_PATH=${CMAKE_PREFIX_PATH}:/home/jihyun/LIMO_simulation/install/my_valet_parking:/opt/ros/humble /usr/bin/cmake --install /home/jihyun/LIMO_simulation/build/limo_msgs
[2.554s] -- Install configuration: ""
[2.555s] -- Execute custom install script
[2.555s] -- Symlinking: /home/jihyun/LIMO_simulation/install/limo_msgs/share/ament_index/resource_index/rosidl_interfaces/limo_msgs
[2.563s] -- Symlinking: /home/jihyun/LIMO_simulation/install/limo_msgs/include/limo_msgs/limo_msgs/msg/detail/limo_status__functions.h
[2.570s] -- Symlinking: /home/jihyun/LIMO_simulation/install/limo_msgs/include/limo_msgs/limo_msgs/msg/detail/limo_status__struct.h
[2.576s] -- Symlinking: /home/jihyun/LIMO_simulation/install/limo_msgs/include/limo_msgs/limo_msgs/msg/detail/limo_status__type_support.h
[2.583s] -- Symlinking: /home/jihyun/LIMO_simulation/install/limo_msgs/include/limo_msgs/limo_msgs/msg/limo_status.h
[2.590s] -- Symlinking: /home/jihyun/LIMO_simulation/install/limo_msgs/include/limo_msgs/limo_msgs/msg/rosidl_generator_c__visibility_control.h
[2.595s] -- Symlinking: /home/jihyun/LIMO_simulation/install/limo_msgs/share/limo_msgs/environment/library_path.sh
[2.601s] -- Symlinking: /home/jihyun/LIMO_simulation/install/limo_msgs/share/limo_msgs/environment/library_path.dsv
[2.606s] -- Symlinking: /home/jihyun/LIMO_simulation/install/limo_msgs/include/limo_msgs/limo_msgs/msg/detail/limo_status__rosidl_typesupport_fastrtps_c.h
[2.611s] -- Symlinking: /home/jihyun/LIMO_simulation/install/limo_msgs/include/limo_msgs/limo_msgs/msg/rosidl_typesupport_fastrtps_c__visibility_control.h
[2.617s] -- Symlinking: /home/jihyun/LIMO_simulation/install/limo_msgs/include/limo_msgs/limo_msgs/msg/detail/limo_status__builder.hpp
[2.623s] -- Symlinking: /home/jihyun/LIMO_simulation/install/limo_msgs/include/limo_msgs/limo_msgs/msg/detail/limo_status__struct.hpp
[2.628s] -- Symlinking: /home/jihyun/LIMO_simulation/install/limo_msgs/include/limo_msgs/limo_msgs/msg/detail/limo_status__traits.hpp
[2.634s] -- Symlinking: /home/jihyun/LIMO_simulation/install/limo_msgs/include/limo_msgs/limo_msgs/msg/detail/limo_status__type_support.hpp
[2.640s] -- Symlinking: /home/jihyun/LIMO_simulation/install/limo_msgs/include/limo_msgs/limo_msgs/msg/limo_status.hpp
[2.645s] -- Symlinking: /home/jihyun/LIMO_simulation/install/limo_msgs/include/limo_msgs/limo_msgs/msg/rosidl_generator_cpp__visibility_control.hpp
[2.650s] -- Symlinking: /home/jihyun/LIMO_simulation/install/limo_msgs/include/limo_msgs/limo_msgs/msg/detail/limo_status__rosidl_typesupport_fastrtps_cpp.hpp
[2.655s] -- Symlinking: /home/jihyun/LIMO_simulation/install/limo_msgs/include/limo_msgs/limo_msgs/msg/rosidl_typesupport_fastrtps_cpp__visibility_control.h
[2.659s] -- Symlinking: /home/jihyun/LIMO_simulation/install/limo_msgs/include/limo_msgs/limo_msgs/msg/detail/limo_status__rosidl_typesupport_introspection_c.h
[2.664s] -- Symlinking: /home/jihyun/LIMO_simulation/install/limo_msgs/include/limo_msgs/limo_msgs/msg/rosidl_typesupport_introspection_c__visibility_control.h
[2.669s] -- Symlinking: /home/jihyun/LIMO_simulation/install/limo_msgs/include/limo_msgs/limo_msgs/msg/detail/limo_status__rosidl_typesupport_introspection_cpp.hpp
[2.674s] -- Symlinking: /home/jihyun/LIMO_simulation/install/limo_msgs/share/limo_msgs/environment/pythonpath.sh
[2.681s] -- Symlinking: /home/jihyun/LIMO_simulation/install/limo_msgs/share/limo_msgs/environment/pythonpath.dsv
[2.686s] -- Symlinking: /home/jihyun/LIMO_simulation/install/limo_msgs/local/lib/python3.10/dist-packages/limo_msgs-0.0.0-py3.10.egg-info/PKG-INFO
[2.690s] -- Symlinking: /home/jihyun/LIMO_simulation/install/limo_msgs/local/lib/python3.10/dist-packages/limo_msgs-0.0.0-py3.10.egg-info/SOURCES.txt
[2.695s] -- Symlinking: /home/jihyun/LIMO_simulation/install/limo_msgs/local/lib/python3.10/dist-packages/limo_msgs-0.0.0-py3.10.egg-info/dependency_links.txt
[2.699s] -- Symlinking: /home/jihyun/LIMO_simulation/install/limo_msgs/local/lib/python3.10/dist-packages/limo_msgs-0.0.0-py3.10.egg-info/top_level.txt
[2.705s] -- Symlinking: /home/jihyun/LIMO_simulation/install/limo_msgs/local/lib/python3.10/dist-packages/limo_msgs/__init__.py
[2.710s] -- Symlinking: /home/jihyun/LIMO_simulation/install/limo_msgs/local/lib/python3.10/dist-packages/limo_msgs/_limo_msgs_s.ep.rosidl_typesupport_c.c
[2.715s] -- Symlinking: /home/jihyun/LIMO_simulation/install/limo_msgs/local/lib/python3.10/dist-packages/limo_msgs/_limo_msgs_s.ep.rosidl_typesupport_fastrtps_c.c
[2.719s] -- Symlinking: /home/jihyun/LIMO_simulation/install/limo_msgs/local/lib/python3.10/dist-packages/limo_msgs/_limo_msgs_s.ep.rosidl_typesupport_introspection_c.c
[2.725s] -- Symlinking: /home/jihyun/LIMO_simulation/install/limo_msgs/local/lib/python3.10/dist-packages/limo_msgs/liblimo_msgs__rosidl_generator_py.so
[2.730s] -- Symlinking: /home/jihyun/LIMO_simulation/install/limo_msgs/local/lib/python3.10/dist-packages/limo_msgs/limo_msgs_s__rosidl_typesupport_c.cpython-310-x86_64-linux-gnu.so
[2.736s] -- Symlinking: /home/jihyun/LIMO_simulation/install/limo_msgs/local/lib/python3.10/dist-packages/limo_msgs/limo_msgs_s__rosidl_typesupport_fastrtps_c.cpython-310-x86_64-linux-gnu.so
[2.742s] -- Symlinking: /home/jihyun/LIMO_simulation/install/limo_msgs/local/lib/python3.10/dist-packages/limo_msgs/limo_msgs_s__rosidl_typesupport_introspection_c.cpython-310-x86_64-linux-gnu.so
[2.748s] -- Symlinking: /home/jihyun/LIMO_simulation/install/limo_msgs/local/lib/python3.10/dist-packages/limo_msgs/msg/__init__.py
[2.755s] -- Symlinking: /home/jihyun/LIMO_simulation/install/limo_msgs/local/lib/python3.10/dist-packages/limo_msgs/msg/_limo_status.py
[2.760s] -- Symlinking: /home/jihyun/LIMO_simulation/install/limo_msgs/local/lib/python3.10/dist-packages/limo_msgs/msg/_limo_status_s.c
[2.767s] -- Up-to-date symlink: /home/jihyun/LIMO_simulation/install/limo_msgs/local/lib/python3.10/dist-packages/limo_msgs/limo_msgs_s__rosidl_typesupport_fastrtps_c.cpython-310-x86_64-linux-gnu.so
[2.767s] -- Up-to-date symlink: /home/jihyun/LIMO_simulation/install/limo_msgs/local/lib/python3.10/dist-packages/limo_msgs/limo_msgs_s__rosidl_typesupport_introspection_c.cpython-310-x86_64-linux-gnu.so
[2.767s] -- Up-to-date symlink: /home/jihyun/LIMO_simulation/install/limo_msgs/local/lib/python3.10/dist-packages/limo_msgs/limo_msgs_s__rosidl_typesupport_c.cpython-310-x86_64-linux-gnu.so
[2.767s] -- Symlinking: /home/jihyun/LIMO_simulation/install/limo_msgs/share/limo_msgs/msg/LimoStatus.idl
[2.772s] -- Symlinking: /home/jihyun/LIMO_simulation/install/limo_msgs/share/limo_msgs/msg/LimoStatus.msg
[2.778s] -- Symlinking: /home/jihyun/LIMO_simulation/install/limo_msgs/share/ament_index/resource_index/package_run_dependencies/limo_msgs
[2.784s] -- Symlinking: /home/jihyun/LIMO_simulation/install/limo_msgs/share/ament_index/resource_index/parent_prefix_path/limo_msgs
[2.790s] -- Symlinking: /home/jihyun/LIMO_simulation/install/limo_msgs/share/limo_msgs/environment/ament_prefix_path.sh
[2.795s] -- Symlinking: /home/jihyun/LIMO_simulation/install/limo_msgs/share/limo_msgs/environment/ament_prefix_path.dsv
[2.802s] -- Symlinking: /home/jihyun/LIMO_simulation/install/limo_msgs/share/limo_msgs/environment/path.sh
[2.807s] -- Symlinking: /home/jihyun/LIMO_simulation/install/limo_msgs/share/limo_msgs/environment/path.dsv
[2.812s] -- Symlinking: /home/jihyun/LIMO_simulation/install/limo_msgs/share/limo_msgs/local_setup.bash
[2.818s] -- Symlinking: /home/jihyun/LIMO_simulation/install/limo_msgs/share/limo_msgs/local_setup.sh
[2.824s] -- Symlinking: /home/jihyun/LIMO_simulation/install/limo_msgs/share/limo_msgs/local_setup.zsh
[2.830s] -- Symlinking: /home/jihyun/LIMO_simulation/install/limo_msgs/share/limo_msgs/local_setup.dsv
[2.836s] -- Symlinking: /home/jihyun/LIMO_simulation/install/limo_msgs/share/limo_msgs/package.dsv
[2.841s] -- Symlinking: /home/jihyun/LIMO_simulation/install/limo_msgs/share/ament_index/resource_index/packages/limo_msgs
[2.847s] -- Symlinking: /home/jihyun/LIMO_simulation/install/limo_msgs/share/limo_msgs/cmake/rosidl_cmake-extras.cmake
[2.852s] -- Symlinking: /home/jihyun/LIMO_simulation/install/limo_msgs/share/limo_msgs/cmake/ament_cmake_export_dependencies-extras.cmake
[2.856s] -- Symlinking: /home/jihyun/LIMO_simulation/install/limo_msgs/share/limo_msgs/cmake/ament_cmake_export_include_directories-extras.cmake
[2.861s] -- Symlinking: /home/jihyun/LIMO_simulation/install/limo_msgs/share/limo_msgs/cmake/ament_cmake_export_libraries-extras.cmake
[2.868s] -- Symlinking: /home/jihyun/LIMO_simulation/install/limo_msgs/share/limo_msgs/cmake/ament_cmake_export_targets-extras.cmake
[2.873s] -- Symlinking: /home/jihyun/LIMO_simulation/install/limo_msgs/share/limo_msgs/cmake/rosidl_cmake_export_typesupport_targets-extras.cmake
[2.879s] -- Symlinking: /home/jihyun/LIMO_simulation/install/limo_msgs/share/limo_msgs/cmake/rosidl_cmake_export_typesupport_libraries-extras.cmake
[2.886s] -- Symlinking: /home/jihyun/LIMO_simulation/install/limo_msgs/share/limo_msgs/cmake/limo_msgsConfig.cmake
[2.891s] -- Symlinking: /home/jihyun/LIMO_simulation/install/limo_msgs/share/limo_msgs/cmake/limo_msgsConfig-version.cmake
[2.897s] -- Symlinking: /home/jihyun/LIMO_simulation/install/limo_msgs/share/limo_msgs/package.xml
[2.903s] -- Installing: /home/jihyun/LIMO_simulation/install/limo_msgs/lib/liblimo_msgs__rosidl_generator_c.so
[2.903s] -- Set runtime path of "/home/jihyun/LIMO_simulation/install/limo_msgs/lib/liblimo_msgs__rosidl_generator_c.so" to ""
[2.903s] -- Installing: /home/jihyun/LIMO_simulation/install/limo_msgs/lib/liblimo_msgs__rosidl_typesupport_fastrtps_c.so
[2.904s] -- Set runtime path of "/home/jihyun/LIMO_simulation/install/limo_msgs/lib/liblimo_msgs__rosidl_typesupport_fastrtps_c.so" to ""
[2.904s] -- Installing: /home/jihyun/LIMO_simulation/install/limo_msgs/lib/liblimo_msgs__rosidl_typesupport_fastrtps_cpp.so
[2.904s] -- Set runtime path of "/home/jihyun/LIMO_simulation/install/limo_msgs/lib/liblimo_msgs__rosidl_typesupport_fastrtps_cpp.so" to ""
[2.904s] -- Installing: /home/jihyun/LIMO_simulation/install/limo_msgs/lib/liblimo_msgs__rosidl_typesupport_introspection_c.so
[2.904s] -- Set runtime path of "/home/jihyun/LIMO_simulation/install/limo_msgs/lib/liblimo_msgs__rosidl_typesupport_introspection_c.so" to ""
[2.904s] -- Installing: /home/jihyun/LIMO_simulation/install/limo_msgs/lib/liblimo_msgs__rosidl_typesupport_c.so
[2.904s] -- Set runtime path of "/home/jihyun/LIMO_simulation/install/limo_msgs/lib/liblimo_msgs__rosidl_typesupport_c.so" to ""
[2.904s] -- Installing: /home/jihyun/LIMO_simulation/install/limo_msgs/lib/liblimo_msgs__rosidl_typesupport_introspection_cpp.so
[2.904s] -- Set runtime path of "/home/jihyun/LIMO_simulation/install/limo_msgs/lib/liblimo_msgs__rosidl_typesupport_introspection_cpp.so" to ""
[2.904s] -- Installing: /home/jihyun/LIMO_simulation/install/limo_msgs/lib/liblimo_msgs__rosidl_typesupport_cpp.so
[2.904s] -- Set runtime path of "/home/jihyun/LIMO_simulation/install/limo_msgs/lib/liblimo_msgs__rosidl_typesupport_cpp.so" to ""
[2.926s] Listing '/home/jihyun/LIMO_simulation/install/limo_msgs/local/lib/python3.10/dist-packages/limo_msgs'...
[2.926s] Compiling '/home/jihyun/LIMO_simulation/install/limo_msgs/local/lib/python3.10/dist-packages/limo_msgs/__init__.py'...
[2.926s] Listing '/home/jihyun/LIMO_simulation/install/limo_msgs/local/lib/python3.10/dist-packages/limo_msgs/msg'...
[2.926s] Compiling '/home/jihyun/LIMO_simulation/install/limo_msgs/local/lib/python3.10/dist-packages/limo_msgs/msg/__init__.py'...
[2.926s] Compiling '/home/jihyun/LIMO_simulation/install/limo_msgs/local/lib/python3.10/dist-packages/limo_msgs/msg/_limo_status.py'...
[2.928s] -- Installing: /home/jihyun/LIMO_simulation/install/limo_msgs/lib/liblimo_msgs__rosidl_generator_py.so
[2.929s] -- Set runtime path of "/home/jihyun/LIMO_simulation/install/limo_msgs/lib/liblimo_msgs__rosidl_generator_py.so" to ""
[2.929s] -- Installing: /home/jihyun/LIMO_simulation/install/limo_msgs/share/limo_msgs/cmake/export_limo_msgs__rosidl_generator_cExport.cmake
[2.929s] -- Installing: /home/jihyun/LIMO_simulation/install/limo_msgs/share/limo_msgs/cmake/export_limo_msgs__rosidl_generator_cExport-noconfig.cmake
[2.929s] -- Installing: /home/jihyun/LIMO_simulation/install/limo_msgs/share/limo_msgs/cmake/export_limo_msgs__rosidl_typesupport_fastrtps_cExport.cmake
[2.929s] -- Installing: /home/jihyun/LIMO_simulation/install/limo_msgs/share/limo_msgs/cmake/export_limo_msgs__rosidl_typesupport_fastrtps_cExport-noconfig.cmake
[2.929s] -- Installing: /home/jihyun/LIMO_simulation/install/limo_msgs/share/limo_msgs/cmake/export_limo_msgs__rosidl_generator_cppExport.cmake
[2.929s] -- Installing: /home/jihyun/LIMO_simulation/install/limo_msgs/share/limo_msgs/cmake/export_limo_msgs__rosidl_typesupport_fastrtps_cppExport.cmake
[2.929s] -- Installing: /home/jihyun/LIMO_simulation/install/limo_msgs/share/limo_msgs/cmake/export_limo_msgs__rosidl_typesupport_fastrtps_cppExport-noconfig.cmake
[2.929s] -- Installing: /home/jihyun/LIMO_simulation/install/limo_msgs/share/limo_msgs/cmake/limo_msgs__rosidl_typesupport_introspection_cExport.cmake
[2.929s] -- Installing: /home/jihyun/LIMO_simulation/install/limo_msgs/share/limo_msgs/cmake/limo_msgs__rosidl_typesupport_introspection_cExport-noconfig.cmake
[2.929s] -- Installing: /home/jihyun/LIMO_simulation/install/limo_msgs/share/limo_msgs/cmake/limo_msgs__rosidl_typesupport_cExport.cmake
[2.929s] -- Installing: /home/jihyun/LIMO_simulation/install/limo_msgs/share/limo_msgs/cmake/limo_msgs__rosidl_typesupport_cExport-noconfig.cmake
[2.929s] -- Installing: /home/jihyun/LIMO_simulation/install/limo_msgs/share/limo_msgs/cmake/limo_msgs__rosidl_typesupport_introspection_cppExport.cmake
[2.929s] -- Installing: /home/jihyun/LIMO_simulation/install/limo_msgs/share/limo_msgs/cmake/limo_msgs__rosidl_typesupport_introspection_cppExport-noconfig.cmake
[2.930s] -- Installing: /home/jihyun/LIMO_simulation/install/limo_msgs/share/limo_msgs/cmake/limo_msgs__rosidl_typesupport_cppExport.cmake
[2.930s] -- Installing: /home/jihyun/LIMO_simulation/install/limo_msgs/share/limo_msgs/cmake/limo_msgs__rosidl_typesupport_cppExport-noconfig.cmake
[2.930s] -- Installing: /home/jihyun/LIMO_simulation/install/limo_msgs/share/limo_msgs/cmake/export_limo_msgs__rosidl_generator_pyExport.cmake
[2.930s] -- Installing: /home/jihyun/LIMO_simulation/install/limo_msgs/share/limo_msgs/cmake/export_limo_msgs__rosidl_generator_pyExport-noconfig.cmake
[2.931s] Invoked command in '/home/jihyun/LIMO_simulation/build/limo_msgs' returned '0': CMAKE_PREFIX_PATH=${CMAKE_PREFIX_PATH}:/home/jihyun/LIMO_simulation/install/my_valet_parking:/opt/ros/humble /usr/bin/cmake --install /home/jihyun/LIMO_simulation/build/limo_msgs
