[0.012s] Invoking command in '/home/jihyun/LIMO_simulation/build/limo_description': CMAKE_PREFIX_PATH=${CMAKE_PREFIX_PATH}:/home/jihyun/LIMO_simulation/install/my_valet_parking:/opt/ros/humble /usr/bin/cmake /home/jihyun/LIMO_simulation/src/limo_description -DAMENT_CMAKE_SYMLINK_INSTALL=1 -DCMAKE_INSTALL_PREFIX=/home/jihyun/LIMO_simulation/install/limo_description
[0.185s] -- The C compiler identification is GNU 11.4.0
[0.185s] -- The CXX compiler identification is GNU 11.4.0
[0.185s] -- Detecting C compiler ABI info
[0.185s] -- Detecting C compiler ABI info - done
[0.185s] -- Check for working C compiler: /usr/bin/cc - skipped
[0.185s] -- Detecting C compile features
[0.185s] -- Detecting C compile features - done
[0.185s] -- Detecting CXX compiler ABI info
[0.245s] -- Detecting CXX compiler ABI info - done
[0.253s] -- Check for working CXX compiler: /usr/bin/c++ - skipped
[0.253s] -- Detecting CXX compile features
[0.254s] -- Detecting CXX compile features - done
[0.256s] -- Found ament_cmake: 1.3.12 (/opt/ros/humble/share/ament_cmake/cmake)
[0.372s] -- Found Python3: /usr/bin/python3 (found version "3.10.12") found components: Interpreter 
[0.418s] -- Override CMake install command with custom implementation using symlinks instead of copying resources
[0.449s] -- Found ament_lint_auto: 0.12.14 (/opt/ros/humble/share/ament_lint_auto/cmake)
[0.524s] -- Added test 'copyright' to check source files copyright and LICENSE
[0.526s] -- Added test 'flake8' to check Python code syntax and style conventions
[0.527s] -- Added test 'lint_cmake' to check CMake code style
[0.527s] -- Added test 'pep257' to check Python code against some of the docstring style conventions in PEP 257
[0.528s] -- Added test 'xmllint' to check XML markup files
[0.529s] -- Configuring done
[0.531s] -- Generating done
[0.536s] -- Build files have been written to: /home/jihyun/LIMO_simulation/build/limo_description
[0.536s] Invoked command in '/home/jihyun/LIMO_simulation/build/limo_description' returned '0': CMAKE_PREFIX_PATH=${CMAKE_PREFIX_PATH}:/home/jihyun/LIMO_simulation/install/my_valet_parking:/opt/ros/humble /usr/bin/cmake /home/jihyun/LIMO_simulation/src/limo_description -DAMENT_CMAKE_SYMLINK_INSTALL=1 -DCMAKE_INSTALL_PREFIX=/home/jihyun/LIMO_simulation/install/limo_description
[0.537s] Invoking command in '/home/jihyun/LIMO_simulation/build/limo_description': CMAKE_PREFIX_PATH=${CMAKE_PREFIX_PATH}:/home/jihyun/LIMO_simulation/install/my_valet_parking:/opt/ros/humble /usr/bin/cmake --build /home/jihyun/LIMO_simulation/build/limo_description -- -j22 -l22
[0.565s] Invoked command in '/home/jihyun/LIMO_simulation/build/limo_description' returned '0': CMAKE_PREFIX_PATH=${CMAKE_PREFIX_PATH}:/home/jihyun/LIMO_simulation/install/my_valet_parking:/opt/ros/humble /usr/bin/cmake --build /home/jihyun/LIMO_simulation/build/limo_description -- -j22 -l22
[0.574s] Invoking command in '/home/jihyun/LIMO_simulation/build/limo_description': CMAKE_PREFIX_PATH=${CMAKE_PREFIX_PATH}:/home/jihyun/LIMO_simulation/install/my_valet_parking:/opt/ros/humble /usr/bin/cmake --install /home/jihyun/LIMO_simulation/build/limo_description
[0.579s] -- Install configuration: ""
[0.579s] -- Execute custom install script
[0.579s] -- Symlinking: /home/jihyun/LIMO_simulation/install/limo_description/share/limo_description/launch/display_models_diff.launch.py
[0.584s] -- Symlinking: /home/jihyun/LIMO_simulation/install/limo_description/share/limo_description/launch/gazebo_models_diff.launch.py
[0.592s] -- Symlinking: /home/jihyun/LIMO_simulation/install/limo_description/share/limo_description/meshes/limo_base.dae
[0.598s] -- Symlinking: /home/jihyun/LIMO_simulation/install/limo_description/share/limo_description/meshes/limo_base.stl
[0.604s] -- Symlinking: /home/jihyun/LIMO_simulation/install/limo_description/share/limo_description/meshes/limo_wheel.dae
[0.611s] -- Symlinking: /home/jihyun/LIMO_simulation/install/limo_description/share/limo_description/meshes/limo_wheel.stl
[0.618s] -- Symlinking: /home/jihyun/LIMO_simulation/install/limo_description/share/limo_description/rviz/model_display.rviz
[0.622s] -- Symlinking: /home/jihyun/LIMO_simulation/install/limo_description/share/limo_description/rviz/urdf.rviz
[0.630s] -- Symlinking: /home/jihyun/LIMO_simulation/install/limo_description/share/limo_description/urdf/limo_ackerman.gazebo
[0.635s] -- Symlinking: /home/jihyun/LIMO_simulation/install/limo_description/share/limo_description/urdf/limo_ackerman.xacro
[0.643s] -- Symlinking: /home/jihyun/LIMO_simulation/install/limo_description/share/limo_description/urdf/limo_four_diff.gazebo
[0.651s] -- Symlinking: /home/jihyun/LIMO_simulation/install/limo_description/share/limo_description/urdf/limo_four_diff.xacro
[0.658s] -- Symlinking: /home/jihyun/LIMO_simulation/install/limo_description/share/limo_description/urdf/limo_four_diff_2.gazebo
[0.666s] -- Symlinking: /home/jihyun/LIMO_simulation/install/limo_description/share/limo_description/urdf/limo_gazebo.gazebo
[0.673s] -- Symlinking: /home/jihyun/LIMO_simulation/install/limo_description/share/limo_description/urdf/limo_steering_hinge.xacro
[0.682s] -- Symlinking: /home/jihyun/LIMO_simulation/install/limo_description/share/limo_description/urdf/limo_xacro.xacro
[0.692s] -- Symlinking: /home/jihyun/LIMO_simulation/install/limo_description/share/ament_index/resource_index/package_run_dependencies/limo_description
[0.703s] -- Symlinking: /home/jihyun/LIMO_simulation/install/limo_description/share/ament_index/resource_index/parent_prefix_path/limo_description
[0.713s] -- Symlinking: /home/jihyun/LIMO_simulation/install/limo_description/share/limo_description/environment/ament_prefix_path.sh
[0.723s] -- Symlinking: /home/jihyun/LIMO_simulation/install/limo_description/share/limo_description/environment/ament_prefix_path.dsv
[0.731s] -- Symlinking: /home/jihyun/LIMO_simulation/install/limo_description/share/limo_description/environment/path.sh
[0.740s] -- Symlinking: /home/jihyun/LIMO_simulation/install/limo_description/share/limo_description/environment/path.dsv
[0.749s] -- Symlinking: /home/jihyun/LIMO_simulation/install/limo_description/share/limo_description/local_setup.bash
[0.762s] -- Symlinking: /home/jihyun/LIMO_simulation/install/limo_description/share/limo_description/local_setup.sh
[0.764s] -- Symlinking: /home/jihyun/LIMO_simulation/install/limo_description/share/limo_description/local_setup.zsh
[0.770s] -- Symlinking: /home/jihyun/LIMO_simulation/install/limo_description/share/limo_description/local_setup.dsv
[0.777s] -- Symlinking: /home/jihyun/LIMO_simulation/install/limo_description/share/limo_description/package.dsv
[0.784s] -- Symlinking: /home/jihyun/LIMO_simulation/install/limo_description/share/ament_index/resource_index/packages/limo_description
[0.790s] -- Symlinking: /home/jihyun/LIMO_simulation/install/limo_description/share/limo_description/cmake/limo_descriptionConfig.cmake
[0.797s] -- Symlinking: /home/jihyun/LIMO_simulation/install/limo_description/share/limo_description/cmake/limo_descriptionConfig-version.cmake
[0.804s] -- Symlinking: /home/jihyun/LIMO_simulation/install/limo_description/share/limo_description/package.xml
[0.823s] Invoked command in '/home/jihyun/LIMO_simulation/build/limo_description' returned '0': CMAKE_PREFIX_PATH=${CMAKE_PREFIX_PATH}:/home/jihyun/LIMO_simulation/install/my_valet_parking:/opt/ros/humble /usr/bin/cmake --install /home/jihyun/LIMO_simulation/build/limo_description
